[2021-01-13 11:59:01] local.ERROR: Symfony\Component\Console\Exception\RuntimeException: Too many arguments, expected arguments "command" "name". in F:\API\vendor\symfony\console\Input\ArgvInput.php:174
Stack trace:
#0 F:\API\vendor\symfony\console\Input\ArgvInput.php(85): Symfony\Component\Console\Input\ArgvInput->parseArgument('model')
#1 F:\API\vendor\symfony\console\Input\Input.php(55): Symfony\Component\Console\Input\ArgvInput->parse()
#2 F:\API\vendor\symfony\console\Command\Command.php(214): Symfony\Component\Console\Input\Input->bind(Object(Symfony\Component\Console\Input\InputDefinition))
#3 F:\API\vendor\illuminate\console\Command.php(188): Symfony\Component\Console\Command\Command->run(Object(Symfony\Component\Console\Input\ArgvInput), Object(Illuminate\Console\OutputStyle))
#4 F:\API\vendor\symfony\console\Application.php(1011): Illuminate\Console\Command->run(Object(Symfony\Component\Console\Input\ArgvInput), Object(Symfony\Component\Console\Output\ConsoleOutput))
#5 F:\API\vendor\symfony\console\Application.php(272): Symfony\Component\Console\Application->doRunCommand(Object(Flipbox\LumenGenerator\Console\ModelMakeCommand), Object(Symfony\Component\Console\Input\ArgvInput), Object(Symfony\Component\Console\Output\ConsoleOutput))
#6 F:\API\vendor\symfony\console\Application.php(148): Symfony\Component\Console\Application->doRun(Object(Symfony\Component\Console\Input\ArgvInput), Object(Symfony\Component\Console\Output\ConsoleOutput))
#7 F:\API\vendor\illuminate\console\Application.php(93): Symfony\Component\Console\Application->run(Object(Symfony\Component\Console\Input\ArgvInput), Object(Symfony\Component\Console\Output\ConsoleOutput))
#8 F:\API\vendor\laravel\lumen-framework\src\Console\Kernel.php(115): Illuminate\Console\Application->run(Object(Symfony\Component\Console\Input\ArgvInput), Object(Symfony\Component\Console\Output\ConsoleOutput))
#9 F:\API\artisan(35): Laravel\Lumen\Console\Kernel->handle(Object(Symfony\Component\Console\Input\ArgvInput), Object(Symfony\Component\Console\Output\ConsoleOutput))
#10 {main} {"exception":"[object] (Symfony\\Component\\Console\\Exception\\RuntimeException(code: 0): Too many arguments, expected arguments \"command\" \"name\". at F:\\API\\vendor\\symfony\\console\\Input\\ArgvInput.php:174)
[stacktrace]
#0 F:\\API\\vendor\\symfony\\console\\Input\\ArgvInput.php(85): Symfony\\Component\\Console\\Input\\ArgvInput->parseArgument('model')
#1 F:\\API\\vendor\\symfony\\console\\Input\\Input.php(55): Symfony\\Component\\Console\\Input\\ArgvInput->parse()
#2 F:\\API\\vendor\\symfony\\console\\Command\\Command.php(214): Symfony\\Component\\Console\\Input\\Input->bind(Object(Symfony\\Component\\Console\\Input\\InputDefinition))
#3 F:\\API\\vendor\\illuminate\\console\\Command.php(188): Symfony\\Component\\Console\\Command\\Command->run(Object(Symfony\\Component\\Console\\Input\\ArgvInput), Object(Illuminate\\Console\\OutputStyle))
#4 F:\\API\\vendor\\symfony\\console\\Application.php(1011): Illuminate\\Console\\Command->run(Object(Symfony\\Component\\Console\\Input\\ArgvInput), Object(Symfony\\Component\\Console\\Output\\ConsoleOutput))
#5 F:\\API\\vendor\\symfony\\console\\Application.php(272): Symfony\\Component\\Console\\Application->doRunCommand(Object(Flipbox\\LumenGenerator\\Console\\ModelMakeCommand), Object(Symfony\\Component\\Console\\Input\\ArgvInput), Object(Symfony\\Component\\Console\\Output\\ConsoleOutput))
#6 F:\\API\\vendor\\symfony\\console\\Application.php(148): Symfony\\Component\\Console\\Application->doRun(Object(Symfony\\Component\\Console\\Input\\ArgvInput), Object(Symfony\\Component\\Console\\Output\\ConsoleOutput))
#7 F:\\API\\vendor\\illuminate\\console\\Application.php(93): Symfony\\Component\\Console\\Application->run(Object(Symfony\\Component\\Console\\Input\\ArgvInput), Object(Symfony\\Component\\Console\\Output\\ConsoleOutput))
#8 F:\\API\\vendor\\laravel\\lumen-framework\\src\\Console\\Kernel.php(115): Illuminate\\Console\\Application->run(Object(Symfony\\Component\\Console\\Input\\ArgvInput), Object(Symfony\\Component\\Console\\Output\\ConsoleOutput))
#9 F:\\API\\artisan(35): Laravel\\Lumen\\Console\\Kernel->handle(Object(Symfony\\Component\\Console\\Input\\ArgvInput), Object(Symfony\\Component\\Console\\Output\\ConsoleOutput))
#10 {main}
"} 
[2021-01-13 12:02:26] local.ERROR: Symfony\Component\Console\Exception\CommandNotFoundException: Command "make:migrate" is not defined.

Did you mean one of these?
    make:command
    make:controller
    make:event
    make:factory
    make:job
    make:listener
    make:mail
    make:middleware
    make:migration
    make:model
    make:policy
    make:provider
    make:resource
    make:seeder
    make:test in F:\API\vendor\symfony\console\Application.php:670
Stack trace:
#0 F:\API\vendor\symfony\console\Application.php(236): Symfony\Component\Console\Application->find('make:migrate')
#1 F:\API\vendor\symfony\console\Application.php(148): Symfony\Component\Console\Application->doRun(Object(Symfony\Component\Console\Input\ArgvInput), Object(Symfony\Component\Console\Output\ConsoleOutput))
#2 F:\API\vendor\illuminate\console\Application.php(93): Symfony\Component\Console\Application->run(Object(Symfony\Component\Console\Input\ArgvInput), Object(Symfony\Component\Console\Output\ConsoleOutput))
#3 F:\API\vendor\laravel\lumen-framework\src\Console\Kernel.php(115): Illuminate\Console\Application->run(Object(Symfony\Component\Console\Input\ArgvInput), Object(Symfony\Component\Console\Output\ConsoleOutput))
#4 F:\API\artisan(35): Laravel\Lumen\Console\Kernel->handle(Object(Symfony\Component\Console\Input\ArgvInput), Object(Symfony\Component\Console\Output\ConsoleOutput))
#5 {main} {"exception":"[object] (Symfony\\Component\\Console\\Exception\\CommandNotFoundException(code: 0): Command \"make:migrate\" is not defined.

Did you mean one of these?
    make:command
    make:controller
    make:event
    make:factory
    make:job
    make:listener
    make:mail
    make:middleware
    make:migration
    make:model
    make:policy
    make:provider
    make:resource
    make:seeder
    make:test at F:\\API\\vendor\\symfony\\console\\Application.php:670)
[stacktrace]
#0 F:\\API\\vendor\\symfony\\console\\Application.php(236): Symfony\\Component\\Console\\Application->find('make:migrate')
#1 F:\\API\\vendor\\symfony\\console\\Application.php(148): Symfony\\Component\\Console\\Application->doRun(Object(Symfony\\Component\\Console\\Input\\ArgvInput), Object(Symfony\\Component\\Console\\Output\\ConsoleOutput))
#2 F:\\API\\vendor\\illuminate\\console\\Application.php(93): Symfony\\Component\\Console\\Application->run(Object(Symfony\\Component\\Console\\Input\\ArgvInput), Object(Symfony\\Component\\Console\\Output\\ConsoleOutput))
#3 F:\\API\\vendor\\laravel\\lumen-framework\\src\\Console\\Kernel.php(115): Illuminate\\Console\\Application->run(Object(Symfony\\Component\\Console\\Input\\ArgvInput), Object(Symfony\\Component\\Console\\Output\\ConsoleOutput))
#4 F:\\API\\artisan(35): Laravel\\Lumen\\Console\\Kernel->handle(Object(Symfony\\Component\\Console\\Input\\ArgvInput), Object(Symfony\\Component\\Console\\Output\\ConsoleOutput))
#5 {main}
"} 
[2021-01-13 12:17:48] local.ERROR: Symfony\Component\Console\Exception\CommandNotFoundException: Command "make:migrate" is not defined.

Did you mean one of these?
    make:command
    make:controller
    make:event
    make:factory
    make:job
    make:listener
    make:mail
    make:middleware
    make:migration
    make:model
    make:policy
    make:provider
    make:resource
    make:seeder
    make:test in F:\API\vendor\symfony\console\Application.php:670
Stack trace:
#0 F:\API\vendor\symfony\console\Application.php(236): Symfony\Component\Console\Application->find('make:migrate')
#1 F:\API\vendor\symfony\console\Application.php(148): Symfony\Component\Console\Application->doRun(Object(Symfony\Component\Console\Input\ArgvInput), Object(Symfony\Component\Console\Output\ConsoleOutput))
#2 F:\API\vendor\illuminate\console\Application.php(93): Symfony\Component\Console\Application->run(Object(Symfony\Component\Console\Input\ArgvInput), Object(Symfony\Component\Console\Output\ConsoleOutput))
#3 F:\API\vendor\laravel\lumen-framework\src\Console\Kernel.php(115): Illuminate\Console\Application->run(Object(Symfony\Component\Console\Input\ArgvInput), Object(Symfony\Component\Console\Output\ConsoleOutput))
#4 F:\API\artisan(35): Laravel\Lumen\Console\Kernel->handle(Object(Symfony\Component\Console\Input\ArgvInput), Object(Symfony\Component\Console\Output\ConsoleOutput))
#5 {main} {"exception":"[object] (Symfony\\Component\\Console\\Exception\\CommandNotFoundException(code: 0): Command \"make:migrate\" is not defined.

Did you mean one of these?
    make:command
    make:controller
    make:event
    make:factory
    make:job
    make:listener
    make:mail
    make:middleware
    make:migration
    make:model
    make:policy
    make:provider
    make:resource
    make:seeder
    make:test at F:\\API\\vendor\\symfony\\console\\Application.php:670)
[stacktrace]
#0 F:\\API\\vendor\\symfony\\console\\Application.php(236): Symfony\\Component\\Console\\Application->find('make:migrate')
#1 F:\\API\\vendor\\symfony\\console\\Application.php(148): Symfony\\Component\\Console\\Application->doRun(Object(Symfony\\Component\\Console\\Input\\ArgvInput), Object(Symfony\\Component\\Console\\Output\\ConsoleOutput))
#2 F:\\API\\vendor\\illuminate\\console\\Application.php(93): Symfony\\Component\\Console\\Application->run(Object(Symfony\\Component\\Console\\Input\\ArgvInput), Object(Symfony\\Component\\Console\\Output\\ConsoleOutput))
#3 F:\\API\\vendor\\laravel\\lumen-framework\\src\\Console\\Kernel.php(115): Illuminate\\Console\\Application->run(Object(Symfony\\Component\\Console\\Input\\ArgvInput), Object(Symfony\\Component\\Console\\Output\\ConsoleOutput))
#4 F:\\API\\artisan(35): Laravel\\Lumen\\Console\\Kernel->handle(Object(Symfony\\Component\\Console\\Input\\ArgvInput), Object(Symfony\\Component\\Console\\Output\\ConsoleOutput))
#5 {main}
"} 
[2021-01-13 12:18:36] local.ERROR: BadMethodCallException: Method Illuminate\Database\Schema\Blueprint::int does not exist. in F:\API\vendor\illuminate\support\Traits\Macroable.php:103
Stack trace:
#0 F:\API\database\migrations\2021_01_13_120254_chart_data.php(19): Illuminate\Database\Schema\Blueprint->__call('int', Array)
#1 F:\API\vendor\illuminate\database\Schema\Builder.php(166): ChartData->{closure}(Object(Illuminate\Database\Schema\Blueprint))
#2 F:\API\vendor\illuminate\support\helpers.php(422): Illuminate\Database\Schema\Builder->Illuminate\Database\Schema\{closure}(Object(Illuminate\Database\Schema\Blueprint))
#3 F:\API\vendor\illuminate\database\Schema\Builder.php(167): tap(Object(Illuminate\Database\Schema\Blueprint), Object(Closure))
#4 F:\API\vendor\illuminate\support\Facades\Facade.php(261): Illuminate\Database\Schema\Builder->create('chart_data', Object(Closure))
#5 F:\API\database\migrations\2021_01_13_120254_chart_data.php(21): Illuminate\Support\Facades\Facade::__callStatic('create', Array)
#6 F:\API\vendor\illuminate\database\Migrations\Migrator.php(387): ChartData->up()
#7 F:\API\vendor\illuminate\database\Migrations\Migrator.php(396): Illuminate\Database\Migrations\Migrator->Illuminate\Database\Migrations\{closure}()
#8 F:\API\vendor\illuminate\database\Migrations\Migrator.php(197): Illuminate\Database\Migrations\Migrator->runMigration(Object(ChartData), 'up')
#9 F:\API\vendor\illuminate\database\Migrations\Migrator.php(162): Illuminate\Database\Migrations\Migrator->runUp('F:\\API\\database...', 1, false)
#10 F:\API\vendor\illuminate\database\Migrations\Migrator.php(109): Illuminate\Database\Migrations\Migrator->runPending(Array, Array)
#11 F:\API\vendor\illuminate\database\Console\Migrations\MigrateCommand.php(71): Illuminate\Database\Migrations\Migrator->run(Array, Array)
#12 [internal function]: Illuminate\Database\Console\Migrations\MigrateCommand->handle()
#13 F:\API\vendor\illuminate\container\BoundMethod.php(32): call_user_func_array(Array, Array)
#14 F:\API\vendor\illuminate\container\Util.php(36): Illuminate\Container\BoundMethod::Illuminate\Container\{closure}()
#15 F:\API\vendor\illuminate\container\BoundMethod.php(90): Illuminate\Container\Util::unwrapIfClosure(Object(Closure))
#16 F:\API\vendor\illuminate\container\BoundMethod.php(34): Illuminate\Container\BoundMethod::callBoundMethod(Object(Laravel\Lumen\Application), Array, Object(Closure))
#17 F:\API\vendor\illuminate\container\Container.php(590): Illuminate\Container\BoundMethod::call(Object(Laravel\Lumen\Application), Array, Array, NULL)
#18 F:\API\vendor\illuminate\console\Command.php(201): Illuminate\Container\Container->call(Array)
#19 F:\API\vendor\symfony\console\Command\Command.php(255): Illuminate\Console\Command->execute(Object(Symfony\Component\Console\Input\ArgvInput), Object(Illuminate\Console\OutputStyle))
#20 F:\API\vendor\illuminate\console\Command.php(188): Symfony\Component\Console\Command\Command->run(Object(Symfony\Component\Console\Input\ArgvInput), Object(Illuminate\Console\OutputStyle))
#21 F:\API\vendor\symfony\console\Application.php(1011): Illuminate\Console\Command->run(Object(Symfony\Component\Console\Input\ArgvInput), Object(Symfony\Component\Console\Output\ConsoleOutput))
#22 F:\API\vendor\symfony\console\Application.php(272): Symfony\Component\Console\Application->doRunCommand(Object(Illuminate\Database\Console\Migrations\MigrateCommand), Object(Symfony\Component\Console\Input\ArgvInput), Object(Symfony\Component\Console\Output\ConsoleOutput))
#23 F:\API\vendor\symfony\console\Application.php(148): Symfony\Component\Console\Application->doRun(Object(Symfony\Component\Console\Input\ArgvInput), Object(Symfony\Component\Console\Output\ConsoleOutput))
#24 F:\API\vendor\illuminate\console\Application.php(93): Symfony\Component\Console\Application->run(Object(Symfony\Component\Console\Input\ArgvInput), Object(Symfony\Component\Console\Output\ConsoleOutput))
#25 F:\API\vendor\laravel\lumen-framework\src\Console\Kernel.php(115): Illuminate\Console\Application->run(Object(Symfony\Component\Console\Input\ArgvInput), Object(Symfony\Component\Console\Output\ConsoleOutput))
#26 F:\API\artisan(35): Laravel\Lumen\Console\Kernel->handle(Object(Symfony\Component\Console\Input\ArgvInput), Object(Symfony\Component\Console\Output\ConsoleOutput))
#27 {main} {"exception":"[object] (BadMethodCallException(code: 0): Method Illuminate\\Database\\Schema\\Blueprint::int does not exist. at F:\\API\\vendor\\illuminate\\support\\Traits\\Macroable.php:103)
[stacktrace]
#0 F:\\API\\database\\migrations\\2021_01_13_120254_chart_data.php(19): Illuminate\\Database\\Schema\\Blueprint->__call('int', Array)
#1 F:\\API\\vendor\\illuminate\\database\\Schema\\Builder.php(166): ChartData->{closure}(Object(Illuminate\\Database\\Schema\\Blueprint))
#2 F:\\API\\vendor\\illuminate\\support\\helpers.php(422): Illuminate\\Database\\Schema\\Builder->Illuminate\\Database\\Schema\\{closure}(Object(Illuminate\\Database\\Schema\\Blueprint))
#3 F:\\API\\vendor\\illuminate\\database\\Schema\\Builder.php(167): tap(Object(Illuminate\\Database\\Schema\\Blueprint), Object(Closure))
#4 F:\\API\\vendor\\illuminate\\support\\Facades\\Facade.php(261): Illuminate\\Database\\Schema\\Builder->create('chart_data', Object(Closure))
#5 F:\\API\\database\\migrations\\2021_01_13_120254_chart_data.php(21): Illuminate\\Support\\Facades\\Facade::__callStatic('create', Array)
#6 F:\\API\\vendor\\illuminate\\database\\Migrations\\Migrator.php(387): ChartData->up()
#7 F:\\API\\vendor\\illuminate\\database\\Migrations\\Migrator.php(396): Illuminate\\Database\\Migrations\\Migrator->Illuminate\\Database\\Migrations\\{closure}()
#8 F:\\API\\vendor\\illuminate\\database\\Migrations\\Migrator.php(197): Illuminate\\Database\\Migrations\\Migrator->runMigration(Object(ChartData), 'up')
#9 F:\\API\\vendor\\illuminate\\database\\Migrations\\Migrator.php(162): Illuminate\\Database\\Migrations\\Migrator->runUp('F:\\\\API\\\\database...', 1, false)
#10 F:\\API\\vendor\\illuminate\\database\\Migrations\\Migrator.php(109): Illuminate\\Database\\Migrations\\Migrator->runPending(Array, Array)
#11 F:\\API\\vendor\\illuminate\\database\\Console\\Migrations\\MigrateCommand.php(71): Illuminate\\Database\\Migrations\\Migrator->run(Array, Array)
#12 [internal function]: Illuminate\\Database\\Console\\Migrations\\MigrateCommand->handle()
#13 F:\\API\\vendor\\illuminate\\container\\BoundMethod.php(32): call_user_func_array(Array, Array)
#14 F:\\API\\vendor\\illuminate\\container\\Util.php(36): Illuminate\\Container\\BoundMethod::Illuminate\\Container\\{closure}()
#15 F:\\API\\vendor\\illuminate\\container\\BoundMethod.php(90): Illuminate\\Container\\Util::unwrapIfClosure(Object(Closure))
#16 F:\\API\\vendor\\illuminate\\container\\BoundMethod.php(34): Illuminate\\Container\\BoundMethod::callBoundMethod(Object(Laravel\\Lumen\\Application), Array, Object(Closure))
#17 F:\\API\\vendor\\illuminate\\container\\Container.php(590): Illuminate\\Container\\BoundMethod::call(Object(Laravel\\Lumen\\Application), Array, Array, NULL)
#18 F:\\API\\vendor\\illuminate\\console\\Command.php(201): Illuminate\\Container\\Container->call(Array)
#19 F:\\API\\vendor\\symfony\\console\\Command\\Command.php(255): Illuminate\\Console\\Command->execute(Object(Symfony\\Component\\Console\\Input\\ArgvInput), Object(Illuminate\\Console\\OutputStyle))
#20 F:\\API\\vendor\\illuminate\\console\\Command.php(188): Symfony\\Component\\Console\\Command\\Command->run(Object(Symfony\\Component\\Console\\Input\\ArgvInput), Object(Illuminate\\Console\\OutputStyle))
#21 F:\\API\\vendor\\symfony\\console\\Application.php(1011): Illuminate\\Console\\Command->run(Object(Symfony\\Component\\Console\\Input\\ArgvInput), Object(Symfony\\Component\\Console\\Output\\ConsoleOutput))
#22 F:\\API\\vendor\\symfony\\console\\Application.php(272): Symfony\\Component\\Console\\Application->doRunCommand(Object(Illuminate\\Database\\Console\\Migrations\\MigrateCommand), Object(Symfony\\Component\\Console\\Input\\ArgvInput), Object(Symfony\\Component\\Console\\Output\\ConsoleOutput))
#23 F:\\API\\vendor\\symfony\\console\\Application.php(148): Symfony\\Component\\Console\\Application->doRun(Object(Symfony\\Component\\Console\\Input\\ArgvInput), Object(Symfony\\Component\\Console\\Output\\ConsoleOutput))
#24 F:\\API\\vendor\\illuminate\\console\\Application.php(93): Symfony\\Component\\Console\\Application->run(Object(Symfony\\Component\\Console\\Input\\ArgvInput), Object(Symfony\\Component\\Console\\Output\\ConsoleOutput))
#25 F:\\API\\vendor\\laravel\\lumen-framework\\src\\Console\\Kernel.php(115): Illuminate\\Console\\Application->run(Object(Symfony\\Component\\Console\\Input\\ArgvInput), Object(Symfony\\Component\\Console\\Output\\ConsoleOutput))
#26 F:\\API\\artisan(35): Laravel\\Lumen\\Console\\Kernel->handle(Object(Symfony\\Component\\Console\\Input\\ArgvInput), Object(Symfony\\Component\\Console\\Output\\ConsoleOutput))
#27 {main}
"} 
[2021-01-13 12:22:54] local.ERROR: BadMethodCallException: Method Illuminate\Database\Schema\Blueprint::int does not exist. in F:\API\vendor\illuminate\support\Traits\Macroable.php:103
Stack trace:
#0 F:\API\database\migrations\2021_01_13_120254_chart_data.php(19): Illuminate\Database\Schema\Blueprint->__call('int', Array)
#1 F:\API\vendor\illuminate\database\Schema\Builder.php(166): ChartData->{closure}(Object(Illuminate\Database\Schema\Blueprint))
#2 F:\API\vendor\illuminate\support\helpers.php(422): Illuminate\Database\Schema\Builder->Illuminate\Database\Schema\{closure}(Object(Illuminate\Database\Schema\Blueprint))
#3 F:\API\vendor\illuminate\database\Schema\Builder.php(167): tap(Object(Illuminate\Database\Schema\Blueprint), Object(Closure))
#4 F:\API\vendor\illuminate\support\Facades\Facade.php(261): Illuminate\Database\Schema\Builder->create('chart_data', Object(Closure))
#5 F:\API\database\migrations\2021_01_13_120254_chart_data.php(22): Illuminate\Support\Facades\Facade::__callStatic('create', Array)
#6 F:\API\vendor\illuminate\database\Migrations\Migrator.php(387): ChartData->up()
#7 F:\API\vendor\illuminate\database\Migrations\Migrator.php(396): Illuminate\Database\Migrations\Migrator->Illuminate\Database\Migrations\{closure}()
#8 F:\API\vendor\illuminate\database\Migrations\Migrator.php(197): Illuminate\Database\Migrations\Migrator->runMigration(Object(ChartData), 'up')
#9 F:\API\vendor\illuminate\database\Migrations\Migrator.php(162): Illuminate\Database\Migrations\Migrator->runUp('F:\\API\\database...', 1, false)
#10 F:\API\vendor\illuminate\database\Migrations\Migrator.php(109): Illuminate\Database\Migrations\Migrator->runPending(Array, Array)
#11 F:\API\vendor\illuminate\database\Console\Migrations\MigrateCommand.php(71): Illuminate\Database\Migrations\Migrator->run(Array, Array)
#12 [internal function]: Illuminate\Database\Console\Migrations\MigrateCommand->handle()
#13 F:\API\vendor\illuminate\container\BoundMethod.php(32): call_user_func_array(Array, Array)
#14 F:\API\vendor\illuminate\container\Util.php(36): Illuminate\Container\BoundMethod::Illuminate\Container\{closure}()
#15 F:\API\vendor\illuminate\container\BoundMethod.php(90): Illuminate\Container\Util::unwrapIfClosure(Object(Closure))
#16 F:\API\vendor\illuminate\container\BoundMethod.php(34): Illuminate\Container\BoundMethod::callBoundMethod(Object(Laravel\Lumen\Application), Array, Object(Closure))
#17 F:\API\vendor\illuminate\container\Container.php(590): Illuminate\Container\BoundMethod::call(Object(Laravel\Lumen\Application), Array, Array, NULL)
#18 F:\API\vendor\illuminate\console\Command.php(201): Illuminate\Container\Container->call(Array)
#19 F:\API\vendor\symfony\console\Command\Command.php(255): Illuminate\Console\Command->execute(Object(Symfony\Component\Console\Input\ArgvInput), Object(Illuminate\Console\OutputStyle))
#20 F:\API\vendor\illuminate\console\Command.php(188): Symfony\Component\Console\Command\Command->run(Object(Symfony\Component\Console\Input\ArgvInput), Object(Illuminate\Console\OutputStyle))
#21 F:\API\vendor\symfony\console\Application.php(1011): Illuminate\Console\Command->run(Object(Symfony\Component\Console\Input\ArgvInput), Object(Symfony\Component\Console\Output\ConsoleOutput))
#22 F:\API\vendor\symfony\console\Application.php(272): Symfony\Component\Console\Application->doRunCommand(Object(Illuminate\Database\Console\Migrations\MigrateCommand), Object(Symfony\Component\Console\Input\ArgvInput), Object(Symfony\Component\Console\Output\ConsoleOutput))
#23 F:\API\vendor\symfony\console\Application.php(148): Symfony\Component\Console\Application->doRun(Object(Symfony\Component\Console\Input\ArgvInput), Object(Symfony\Component\Console\Output\ConsoleOutput))
#24 F:\API\vendor\illuminate\console\Application.php(93): Symfony\Component\Console\Application->run(Object(Symfony\Component\Console\Input\ArgvInput), Object(Symfony\Component\Console\Output\ConsoleOutput))
#25 F:\API\vendor\laravel\lumen-framework\src\Console\Kernel.php(115): Illuminate\Console\Application->run(Object(Symfony\Component\Console\Input\ArgvInput), Object(Symfony\Component\Console\Output\ConsoleOutput))
#26 F:\API\artisan(35): Laravel\Lumen\Console\Kernel->handle(Object(Symfony\Component\Console\Input\ArgvInput), Object(Symfony\Component\Console\Output\ConsoleOutput))
#27 {main} {"exception":"[object] (BadMethodCallException(code: 0): Method Illuminate\\Database\\Schema\\Blueprint::int does not exist. at F:\\API\\vendor\\illuminate\\support\\Traits\\Macroable.php:103)
[stacktrace]
#0 F:\\API\\database\\migrations\\2021_01_13_120254_chart_data.php(19): Illuminate\\Database\\Schema\\Blueprint->__call('int', Array)
#1 F:\\API\\vendor\\illuminate\\database\\Schema\\Builder.php(166): ChartData->{closure}(Object(Illuminate\\Database\\Schema\\Blueprint))
#2 F:\\API\\vendor\\illuminate\\support\\helpers.php(422): Illuminate\\Database\\Schema\\Builder->Illuminate\\Database\\Schema\\{closure}(Object(Illuminate\\Database\\Schema\\Blueprint))
#3 F:\\API\\vendor\\illuminate\\database\\Schema\\Builder.php(167): tap(Object(Illuminate\\Database\\Schema\\Blueprint), Object(Closure))
#4 F:\\API\\vendor\\illuminate\\support\\Facades\\Facade.php(261): Illuminate\\Database\\Schema\\Builder->create('chart_data', Object(Closure))
#5 F:\\API\\database\\migrations\\2021_01_13_120254_chart_data.php(22): Illuminate\\Support\\Facades\\Facade::__callStatic('create', Array)
#6 F:\\API\\vendor\\illuminate\\database\\Migrations\\Migrator.php(387): ChartData->up()
#7 F:\\API\\vendor\\illuminate\\database\\Migrations\\Migrator.php(396): Illuminate\\Database\\Migrations\\Migrator->Illuminate\\Database\\Migrations\\{closure}()
#8 F:\\API\\vendor\\illuminate\\database\\Migrations\\Migrator.php(197): Illuminate\\Database\\Migrations\\Migrator->runMigration(Object(ChartData), 'up')
#9 F:\\API\\vendor\\illuminate\\database\\Migrations\\Migrator.php(162): Illuminate\\Database\\Migrations\\Migrator->runUp('F:\\\\API\\\\database...', 1, false)
#10 F:\\API\\vendor\\illuminate\\database\\Migrations\\Migrator.php(109): Illuminate\\Database\\Migrations\\Migrator->runPending(Array, Array)
#11 F:\\API\\vendor\\illuminate\\database\\Console\\Migrations\\MigrateCommand.php(71): Illuminate\\Database\\Migrations\\Migrator->run(Array, Array)
#12 [internal function]: Illuminate\\Database\\Console\\Migrations\\MigrateCommand->handle()
#13 F:\\API\\vendor\\illuminate\\container\\BoundMethod.php(32): call_user_func_array(Array, Array)
#14 F:\\API\\vendor\\illuminate\\container\\Util.php(36): Illuminate\\Container\\BoundMethod::Illuminate\\Container\\{closure}()
#15 F:\\API\\vendor\\illuminate\\container\\BoundMethod.php(90): Illuminate\\Container\\Util::unwrapIfClosure(Object(Closure))
#16 F:\\API\\vendor\\illuminate\\container\\BoundMethod.php(34): Illuminate\\Container\\BoundMethod::callBoundMethod(Object(Laravel\\Lumen\\Application), Array, Object(Closure))
#17 F:\\API\\vendor\\illuminate\\container\\Container.php(590): Illuminate\\Container\\BoundMethod::call(Object(Laravel\\Lumen\\Application), Array, Array, NULL)
#18 F:\\API\\vendor\\illuminate\\console\\Command.php(201): Illuminate\\Container\\Container->call(Array)
#19 F:\\API\\vendor\\symfony\\console\\Command\\Command.php(255): Illuminate\\Console\\Command->execute(Object(Symfony\\Component\\Console\\Input\\ArgvInput), Object(Illuminate\\Console\\OutputStyle))
#20 F:\\API\\vendor\\illuminate\\console\\Command.php(188): Symfony\\Component\\Console\\Command\\Command->run(Object(Symfony\\Component\\Console\\Input\\ArgvInput), Object(Illuminate\\Console\\OutputStyle))
#21 F:\\API\\vendor\\symfony\\console\\Application.php(1011): Illuminate\\Console\\Command->run(Object(Symfony\\Component\\Console\\Input\\ArgvInput), Object(Symfony\\Component\\Console\\Output\\ConsoleOutput))
#22 F:\\API\\vendor\\symfony\\console\\Application.php(272): Symfony\\Component\\Console\\Application->doRunCommand(Object(Illuminate\\Database\\Console\\Migrations\\MigrateCommand), Object(Symfony\\Component\\Console\\Input\\ArgvInput), Object(Symfony\\Component\\Console\\Output\\ConsoleOutput))
#23 F:\\API\\vendor\\symfony\\console\\Application.php(148): Symfony\\Component\\Console\\Application->doRun(Object(Symfony\\Component\\Console\\Input\\ArgvInput), Object(Symfony\\Component\\Console\\Output\\ConsoleOutput))
#24 F:\\API\\vendor\\illuminate\\console\\Application.php(93): Symfony\\Component\\Console\\Application->run(Object(Symfony\\Component\\Console\\Input\\ArgvInput), Object(Symfony\\Component\\Console\\Output\\ConsoleOutput))
#25 F:\\API\\vendor\\laravel\\lumen-framework\\src\\Console\\Kernel.php(115): Illuminate\\Console\\Application->run(Object(Symfony\\Component\\Console\\Input\\ArgvInput), Object(Symfony\\Component\\Console\\Output\\ConsoleOutput))
#26 F:\\API\\artisan(35): Laravel\\Lumen\\Console\\Kernel->handle(Object(Symfony\\Component\\Console\\Input\\ArgvInput), Object(Symfony\\Component\\Console\\Output\\ConsoleOutput))
#27 {main}
"} 
[2021-01-13 13:01:32] local.ERROR: Symfony\Component\Console\Exception\CommandNotFoundException: Command "make:HomeEtcModel" is not defined.

Did you mean one of these?
    make:command
    make:controller
    make:event
    make:factory
    make:job
    make:listener
    make:mail
    make:middleware
    make:migration
    make:model
    make:policy
    make:provider
    make:resource
    make:seeder
    make:test in F:\API\vendor\symfony\console\Application.php:670
Stack trace:
#0 F:\API\vendor\symfony\console\Application.php(236): Symfony\Component\Console\Application->find('make:HomeEtcMod...')
#1 F:\API\vendor\symfony\console\Application.php(148): Symfony\Component\Console\Application->doRun(Object(Symfony\Component\Console\Input\ArgvInput), Object(Symfony\Component\Console\Output\ConsoleOutput))
#2 F:\API\vendor\illuminate\console\Application.php(93): Symfony\Component\Console\Application->run(Object(Symfony\Component\Console\Input\ArgvInput), Object(Symfony\Component\Console\Output\ConsoleOutput))
#3 F:\API\vendor\laravel\lumen-framework\src\Console\Kernel.php(115): Illuminate\Console\Application->run(Object(Symfony\Component\Console\Input\ArgvInput), Object(Symfony\Component\Console\Output\ConsoleOutput))
#4 F:\API\artisan(35): Laravel\Lumen\Console\Kernel->handle(Object(Symfony\Component\Console\Input\ArgvInput), Object(Symfony\Component\Console\Output\ConsoleOutput))
#5 {main} {"exception":"[object] (Symfony\\Component\\Console\\Exception\\CommandNotFoundException(code: 0): Command \"make:HomeEtcModel\" is not defined.

Did you mean one of these?
    make:command
    make:controller
    make:event
    make:factory
    make:job
    make:listener
    make:mail
    make:middleware
    make:migration
    make:model
    make:policy
    make:provider
    make:resource
    make:seeder
    make:test at F:\\API\\vendor\\symfony\\console\\Application.php:670)
[stacktrace]
#0 F:\\API\\vendor\\symfony\\console\\Application.php(236): Symfony\\Component\\Console\\Application->find('make:HomeEtcMod...')
#1 F:\\API\\vendor\\symfony\\console\\Application.php(148): Symfony\\Component\\Console\\Application->doRun(Object(Symfony\\Component\\Console\\Input\\ArgvInput), Object(Symfony\\Component\\Console\\Output\\ConsoleOutput))
#2 F:\\API\\vendor\\illuminate\\console\\Application.php(93): Symfony\\Component\\Console\\Application->run(Object(Symfony\\Component\\Console\\Input\\ArgvInput), Object(Symfony\\Component\\Console\\Output\\ConsoleOutput))
#3 F:\\API\\vendor\\laravel\\lumen-framework\\src\\Console\\Kernel.php(115): Illuminate\\Console\\Application->run(Object(Symfony\\Component\\Console\\Input\\ArgvInput), Object(Symfony\\Component\\Console\\Output\\ConsoleOutput))
#4 F:\\API\\artisan(35): Laravel\\Lumen\\Console\\Kernel->handle(Object(Symfony\\Component\\Console\\Input\\ArgvInput), Object(Symfony\\Component\\Console\\Output\\ConsoleOutput))
#5 {main}
"} 
