[2020-03-07 04:43:20] local.ERROR: PDOException: SQLSTATE[42000] [1044] Access denied for user 'codesili_siteuser'@'localhost' to database 'codesili_site' in /home/codesili/siteapi.codesilicon.com/vendor/illuminate/database/Connectors/Connector.php:70
Stack trace:
#0 /home/codesili/siteapi.codesilicon.com/vendor/illuminate/database/Connectors/Connector.php(70): PDO->__construct('mysql:host=127....', 'codesili_siteus...', 'r+@e{DsYMt%O', Array)
#1 /home/codesili/siteapi.codesilicon.com/vendor/illuminate/database/Connectors/Connector.php(46): Illuminate\Database\Connectors\Connector->createPdoConnection('mysql:host=127....', 'codesili_siteus...', 'r+@e{DsYMt%O', Array)
#2 /home/codesili/siteapi.codesilicon.com/vendor/illuminate/database/Connectors/MySqlConnector.php(24): Illuminate\Database\Connectors\Connector->createConnection('mysql:host=127....', Array, Array)
#3 /home/codesili/siteapi.codesilicon.com/vendor/illuminate/database/Connectors/ConnectionFactory.php(182): Illuminate\Database\Connectors\MySqlConnector->connect(Array)
#4 [internal function]: Illuminate\Database\Connectors\ConnectionFactory->Illuminate\Database\Connectors\{closure}()
#5 /home/codesili/siteapi.codesilicon.com/vendor/illuminate/database/Connection.php(924): call_user_func(Object(Closure))
#6 /home/codesili/siteapi.codesilicon.com/vendor/illuminate/database/Connection.php(959): Illuminate\Database\Connection->getPdo()
#7 /home/codesili/siteapi.codesilicon.com/vendor/illuminate/database/Connection.php(404): Illuminate\Database\Connection->getReadPdo()
#8 /home/codesili/siteapi.codesilicon.com/vendor/illuminate/database/Connection.php(330): Illuminate\Database\Connection->getPdoForSelect(true)
#9 /home/codesili/siteapi.codesilicon.com/vendor/illuminate/database/Connection.php(662): Illuminate\Database\Connection->Illuminate\Database\{closure}('select `home_ti...', Array)
#10 /home/codesili/siteapi.codesilicon.com/vendor/illuminate/database/Connection.php(629): Illuminate\Database\Connection->runQueryCallback('select `home_ti...', Array, Object(Closure))
#11 /home/codesili/siteapi.codesilicon.com/vendor/illuminate/database/Connection.php(338): Illuminate\Database\Connection->run('select `home_ti...', Array, Object(Closure))
#12 /home/codesili/siteapi.codesilicon.com/vendor/illuminate/database/Query/Builder.php(2132): Illuminate\Database\Connection->select('select `home_ti...', Array, true)
#13 /home/codesili/siteapi.codesilicon.com/vendor/illuminate/database/Query/Builder.php(2120): Illuminate\Database\Query\Builder->runSelect()
#14 /home/codesili/siteapi.codesilicon.com/vendor/illuminate/database/Query/Builder.php(2586): Illuminate\Database\Query\Builder->Illuminate\Database\Query\{closure}()
#15 /home/codesili/siteapi.codesilicon.com/vendor/illuminate/database/Query/Builder.php(2121): Illuminate\Database\Query\Builder->onceWithColumns(Array, Object(Closure))
#16 /home/codesili/siteapi.codesilicon.com/vendor/illuminate/database/Eloquent/Builder.php(537): Illuminate\Database\Query\Builder->get(Array)
#17 /home/codesili/siteapi.codesilicon.com/vendor/illuminate/database/Eloquent/Builder.php(521): Illuminate\Database\Eloquent\Builder->getModels(Array)
#18 /home/codesili/siteapi.codesilicon.com/app/Http/Controllers/HomeEtcController.php(28): Illuminate\Database\Eloquent\Builder->get()
#19 [internal function]: App\Http\Controllers\HomeEtcController->onSelectHomeTitle()
#20 /home/codesili/siteapi.codesilicon.com/vendor/illuminate/container/BoundMethod.php(32): call_user_func_array(Array, Array)
#21 /home/codesili/siteapi.codesilicon.com/vendor/illuminate/container/Util.php(36): Illuminate\Container\BoundMethod::Illuminate\Container\{closure}()
#22 /home/codesili/siteapi.codesilicon.com/vendor/illuminate/container/BoundMethod.php(90): Illuminate\Container\Util::unwrapIfClosure(Object(Closure))
#23 /home/codesili/siteapi.codesilicon.com/vendor/illuminate/container/BoundMethod.php(34): Illuminate\Container\BoundMethod::callBoundMethod(Object(Laravel\Lumen\Application), Array, Object(Closure))
#24 /home/codesili/siteapi.codesilicon.com/vendor/illuminate/container/Container.php(590): Illuminate\Container\BoundMethod::call(Object(Laravel\Lumen\Application), Array, Array, NULL)
#25 /home/codesili/siteapi.codesilicon.com/vendor/laravel/lumen-framework/src/Concerns/RoutesRequests.php(376): Illuminate\Container\Container->call(Array, Array)
#26 /home/codesili/siteapi.codesilicon.com/vendor/laravel/lumen-framework/src/Concerns/RoutesRequests.php(342): Laravel\Lumen\Application->callControllerCallable(Array, Array)
#27 /home/codesili/siteapi.codesilicon.com/vendor/laravel/lumen-framework/src/Concerns/RoutesRequests.php(316): Laravel\Lumen\Application->callLumenController(Object(App\Http\Controllers\HomeEtcController), 'onSelectHomeTit...', Array)
#28 /home/codesili/siteapi.codesilicon.com/vendor/laravel/lumen-framework/src/Concerns/RoutesRequests.php(278): Laravel\Lumen\Application->callControllerAction(Array)
#29 /home/codesili/siteapi.codesilicon.com/vendor/laravel/lumen-framework/src/Concerns/RoutesRequests.php(258): Laravel\Lumen\Application->callActionOnArrayBasedRoute(Array)
#30 [internal function]: Laravel\Lumen\Application->Laravel\Lumen\Concerns\{closure}(Object(Laravel\Lumen\Http\Request))
#31 /home/codesili/siteapi.codesilicon.com/vendor/laravel/lumen-framework/src/Routing/Pipeline.php(52): call_user_func(Object(Closure), Object(Laravel\Lumen\Http\Request))
#32 /home/codesili/siteapi.codesilicon.com/app/Http/Middleware/Authenticate.php(39): Laravel\Lumen\Routing\Pipeline->Laravel\Lumen\Routing\{closure}(Object(Laravel\Lumen\Http\Request))
#33 /home/codesili/siteapi.codesilicon.com/vendor/illuminate/pipeline/Pipeline.php(171): App\Http\Middleware\Authenticate->handle(Object(Laravel\Lumen\Http\Request), Object(Closure))
#34 [internal function]: Illuminate\Pipeline\Pipeline->Illuminate\Pipeline\{closure}(Object(Laravel\Lumen\Http\Request))
#35 /home/codesili/siteapi.codesilicon.com/vendor/laravel/lumen-framework/src/Routing/Pipeline.php(32): call_user_func(Object(Closure), Object(Laravel\Lumen\Http\Request))
#36 /home/codesili/siteapi.codesilicon.com/vendor/illuminate/pipeline/Pipeline.php(105): Laravel\Lumen\Routing\Pipeline->Laravel\Lumen\Routing\{closure}(Object(Laravel\Lumen\Http\Request))
#37 /home/codesili/siteapi.codesilicon.com/vendor/laravel/lumen-framework/src/Concerns/RoutesRequests.php(413): Illuminate\Pipeline\Pipeline->then(Object(Closure))
#38 /home/codesili/siteapi.codesilicon.com/vendor/laravel/lumen-framework/src/Concerns/RoutesRequests.php(259): Laravel\Lumen\Application->sendThroughPipeline(Array, Object(Closure))
#39 /home/codesili/siteapi.codesilicon.com/vendor/laravel/lumen-framework/src/Concerns/RoutesRequests.php(165): Laravel\Lumen\Application->handleFoundRoute(Array)
#40 [internal function]: Laravel\Lumen\Application->Laravel\Lumen\Concerns\{closure}(Object(Laravel\Lumen\Http\Request))
#41 /home/codesili/siteapi.codesilicon.com/vendor/laravel/lumen-framework/src/Routing/Pipeline.php(52): call_user_func(Object(Closure), Object(Laravel\Lumen\Http\Request))
#42 /home/codesili/siteapi.codesilicon.com/app/Http/Middleware/ExampleMiddleware.php(18): Laravel\Lumen\Routing\Pipeline->Laravel\Lumen\Routing\{closure}(Object(Laravel\Lumen\Http\Request))
#43 /home/codesili/siteapi.codesilicon.com/vendor/illuminate/pipeline/Pipeline.php(171): App\Http\Middleware\ExampleMiddleware->handle(Object(Laravel\Lumen\Http\Request), Object(Closure))
#44 [internal function]: Illuminate\Pipeline\Pipeline->Illuminate\Pipeline\{closure}(Object(Laravel\Lumen\Http\Request))
#45 /home/codesili/siteapi.codesilicon.com/vendor/laravel/lumen-framework/src/Routing/Pipeline.php(32): call_user_func(Object(Closure), Object(Laravel\Lumen\Http\Request))
#46 /home/codesili/siteapi.codesilicon.com/vendor/illuminate/pipeline/Pipeline.php(105): Laravel\Lumen\Routing\Pipeline->Laravel\Lumen\Routing\{closure}(Object(Laravel\Lumen\Http\Request))
#47 /home/codesili/siteapi.codesilicon.com/vendor/laravel/lumen-framework/src/Concerns/RoutesRequests.php(413): Illuminate\Pipeline\Pipeline->then(Object(Closure))
#48 /home/codesili/siteapi.codesilicon.com/vendor/laravel/lumen-framework/src/Concerns/RoutesRequests.php(171): Laravel\Lumen\Application->sendThroughPipeline(Array, Object(Closure))
#49 /home/codesili/siteapi.codesilicon.com/vendor/laravel/lumen-framework/src/Concerns/RoutesRequests.php(108): Laravel\Lumen\Application->dispatch(NULL)
#50 /home/codesili/siteapi.codesilicon.com/index.php(28): Laravel\Lumen\Application->run()
#51 {main}

Next Illuminate\Database\QueryException: SQLSTATE[42000] [1044] Access denied for user 'codesili_siteuser'@'localhost' to database 'codesili_site' (SQL: select `home_title`, `home_subtitle` from `home_etc`) in /home/codesili/siteapi.codesilicon.com/vendor/illuminate/database/Connection.php:669
Stack trace:
#0 /home/codesili/siteapi.codesilicon.com/vendor/illuminate/database/Connection.php(629): Illuminate\Database\Connection->runQueryCallback('select `home_ti...', Array, Object(Closure))
#1 /home/codesili/siteapi.codesilicon.com/vendor/illuminate/database/Connection.php(338): Illuminate\Database\Connection->run('select `home_ti...', Array, Object(Closure))
#2 /home/codesili/siteapi.codesilicon.com/vendor/illuminate/database/Query/Builder.php(2132): Illuminate\Database\Connection->select('select `home_ti...', Array, true)
#3 /home/codesili/siteapi.codesilicon.com/vendor/illuminate/database/Query/Builder.php(2120): Illuminate\Database\Query\Builder->runSelect()
#4 /home/codesili/siteapi.codesilicon.com/vendor/illuminate/database/Query/Builder.php(2586): Illuminate\Database\Query\Builder->Illuminate\Database\Query\{closure}()
#5 /home/codesili/siteapi.codesilicon.com/vendor/illuminate/database/Query/Builder.php(2121): Illuminate\Database\Query\Builder->onceWithColumns(Array, Object(Closure))
#6 /home/codesili/siteapi.codesilicon.com/vendor/illuminate/database/Eloquent/Builder.php(537): Illuminate\Database\Query\Builder->get(Array)
#7 /home/codesili/siteapi.codesilicon.com/vendor/illuminate/database/Eloquent/Builder.php(521): Illuminate\Database\Eloquent\Builder->getModels(Array)
#8 /home/codesili/siteapi.codesilicon.com/app/Http/Controllers/HomeEtcController.php(28): Illuminate\Database\Eloquent\Builder->get()
#9 [internal function]: App\Http\Controllers\HomeEtcController->onSelectHomeTitle()
#10 /home/codesili/siteapi.codesilicon.com/vendor/illuminate/container/BoundMethod.php(32): call_user_func_array(Array, Array)
#11 /home/codesili/siteapi.codesilicon.com/vendor/illuminate/container/Util.php(36): Illuminate\Container\BoundMethod::Illuminate\Container\{closure}()
#12 /home/codesili/siteapi.codesilicon.com/vendor/illuminate/container/BoundMethod.php(90): Illuminate\Container\Util::unwrapIfClosure(Object(Closure))
#13 /home/codesili/siteapi.codesilicon.com/vendor/illuminate/container/BoundMethod.php(34): Illuminate\Container\BoundMethod::callBoundMethod(Object(Laravel\Lumen\Application), Array, Object(Closure))
#14 /home/codesili/siteapi.codesilicon.com/vendor/illuminate/container/Container.php(590): Illuminate\Container\BoundMethod::call(Object(Laravel\Lumen\Application), Array, Array, NULL)
#15 /home/codesili/siteapi.codesilicon.com/vendor/laravel/lumen-framework/src/Concerns/RoutesRequests.php(376): Illuminate\Container\Container->call(Array, Array)
#16 /home/codesili/siteapi.codesilicon.com/vendor/laravel/lumen-framework/src/Concerns/RoutesRequests.php(342): Laravel\Lumen\Application->callControllerCallable(Array, Array)
#17 /home/codesili/siteapi.codesilicon.com/vendor/laravel/lumen-framework/src/Concerns/RoutesRequests.php(316): Laravel\Lumen\Application->callLumenController(Object(App\Http\Controllers\HomeEtcController), 'onSelectHomeTit...', Array)
#18 /home/codesili/siteapi.codesilicon.com/vendor/laravel/lumen-framework/src/Concerns/RoutesRequests.php(278): Laravel\Lumen\Application->callControllerAction(Array)
#19 /home/codesili/siteapi.codesilicon.com/vendor/laravel/lumen-framework/src/Concerns/RoutesRequests.php(258): Laravel\Lumen\Application->callActionOnArrayBasedRoute(Array)
#20 [internal function]: Laravel\Lumen\Application->Laravel\Lumen\Concerns\{closure}(Object(Laravel\Lumen\Http\Request))
#21 /home/codesili/siteapi.codesilicon.com/vendor/laravel/lumen-framework/src/Routing/Pipeline.php(52): call_user_func(Object(Closure), Object(Laravel\Lumen\Http\Request))
#22 /home/codesili/siteapi.codesilicon.com/app/Http/Middleware/Authenticate.php(39): Laravel\Lumen\Routing\Pipeline->Laravel\Lumen\Routing\{closure}(Object(Laravel\Lumen\Http\Request))
#23 /home/codesili/siteapi.codesilicon.com/vendor/illuminate/pipeline/Pipeline.php(171): App\Http\Middleware\Authenticate->handle(Object(Laravel\Lumen\Http\Request), Object(Closure))
#24 [internal function]: Illuminate\Pipeline\Pipeline->Illuminate\Pipeline\{closure}(Object(Laravel\Lumen\Http\Request))
#25 /home/codesili/siteapi.codesilicon.com/vendor/laravel/lumen-framework/src/Routing/Pipeline.php(32): call_user_func(Object(Closure), Object(Laravel\Lumen\Http\Request))
#26 /home/codesili/siteapi.codesilicon.com/vendor/illuminate/pipeline/Pipeline.php(105): Laravel\Lumen\Routing\Pipeline->Laravel\Lumen\Routing\{closure}(Object(Laravel\Lumen\Http\Request))
#27 /home/codesili/siteapi.codesilicon.com/vendor/laravel/lumen-framework/src/Concerns/RoutesRequests.php(413): Illuminate\Pipeline\Pipeline->then(Object(Closure))
#28 /home/codesili/siteapi.codesilicon.com/vendor/laravel/lumen-framework/src/Concerns/RoutesRequests.php(259): Laravel\Lumen\Application->sendThroughPipeline(Array, Object(Closure))
#29 /home/codesili/siteapi.codesilicon.com/vendor/laravel/lumen-framework/src/Concerns/RoutesRequests.php(165): Laravel\Lumen\Application->handleFoundRoute(Array)
#30 [internal function]: Laravel\Lumen\Application->Laravel\Lumen\Concerns\{closure}(Object(Laravel\Lumen\Http\Request))
#31 /home/codesili/siteapi.codesilicon.com/vendor/laravel/lumen-framework/src/Routing/Pipeline.php(52): call_user_func(Object(Closure), Object(Laravel\Lumen\Http\Request))
#32 /home/codesili/siteapi.codesilicon.com/app/Http/Middleware/ExampleMiddleware.php(18): Laravel\Lumen\Routing\Pipeline->Laravel\Lumen\Routing\{closure}(Object(Laravel\Lumen\Http\Request))
#33 /home/codesili/siteapi.codesilicon.com/vendor/illuminate/pipeline/Pipeline.php(171): App\Http\Middleware\ExampleMiddleware->handle(Object(Laravel\Lumen\Http\Request), Object(Closure))
#34 [internal function]: Illuminate\Pipeline\Pipeline->Illuminate\Pipeline\{closure}(Object(Laravel\Lumen\Http\Request))
#35 /home/codesili/siteapi.codesilicon.com/vendor/laravel/lumen-framework/src/Routing/Pipeline.php(32): call_user_func(Object(Closure), Object(Laravel\Lumen\Http\Request))
#36 /home/codesili/siteapi.codesilicon.com/vendor/illuminate/pipeline/Pipeline.php(105): Laravel\Lumen\Routing\Pipeline->Laravel\Lumen\Routing\{closure}(Object(Laravel\Lumen\Http\Request))
#37 /home/codesili/siteapi.codesilicon.com/vendor/laravel/lumen-framework/src/Concerns/RoutesRequests.php(413): Illuminate\Pipeline\Pipeline->then(Object(Closure))
#38 /home/codesili/siteapi.codesilicon.com/vendor/laravel/lumen-framework/src/Concerns/RoutesRequests.php(171): Laravel\Lumen\Application->sendThroughPipeline(Array, Object(Closure))
#39 /home/codesili/siteapi.codesilicon.com/vendor/laravel/lumen-framework/src/Concerns/RoutesRequests.php(108): Laravel\Lumen\Application->dispatch(NULL)
#40 /home/codesili/siteapi.codesilicon.com/index.php(28): Laravel\Lumen\Application->run()
#41 {main} {"exception":"[object] (Illuminate\\Database\\QueryException(code: 1044): SQLSTATE[42000] [1044] Access denied for user 'codesili_siteuser'@'localhost' to database 'codesili_site' (SQL: select `home_title`, `home_subtitle` from `home_etc`) at /home/codesili/siteapi.codesilicon.com/vendor/illuminate/database/Connection.php:669)
[stacktrace]
#0 /home/codesili/siteapi.codesilicon.com/vendor/illuminate/database/Connection.php(629): Illuminate\\Database\\Connection->runQueryCallback('select `home_ti...', Array, Object(Closure))
#1 /home/codesili/siteapi.codesilicon.com/vendor/illuminate/database/Connection.php(338): Illuminate\\Database\\Connection->run('select `home_ti...', Array, Object(Closure))
#2 /home/codesili/siteapi.codesilicon.com/vendor/illuminate/database/Query/Builder.php(2132): Illuminate\\Database\\Connection->select('select `home_ti...', Array, true)
#3 /home/codesili/siteapi.codesilicon.com/vendor/illuminate/database/Query/Builder.php(2120): Illuminate\\Database\\Query\\Builder->runSelect()
#4 /home/codesili/siteapi.codesilicon.com/vendor/illuminate/database/Query/Builder.php(2586): Illuminate\\Database\\Query\\Builder->Illuminate\\Database\\Query\\{closure}()
#5 /home/codesili/siteapi.codesilicon.com/vendor/illuminate/database/Query/Builder.php(2121): Illuminate\\Database\\Query\\Builder->onceWithColumns(Array, Object(Closure))
#6 /home/codesili/siteapi.codesilicon.com/vendor/illuminate/database/Eloquent/Builder.php(537): Illuminate\\Database\\Query\\Builder->get(Array)
#7 /home/codesili/siteapi.codesilicon.com/vendor/illuminate/database/Eloquent/Builder.php(521): Illuminate\\Database\\Eloquent\\Builder->getModels(Array)
#8 /home/codesili/siteapi.codesilicon.com/app/Http/Controllers/HomeEtcController.php(28): Illuminate\\Database\\Eloquent\\Builder->get()
#9 [internal function]: App\\Http\\Controllers\\HomeEtcController->onSelectHomeTitle()
#10 /home/codesili/siteapi.codesilicon.com/vendor/illuminate/container/BoundMethod.php(32): call_user_func_array(Array, Array)
#11 /home/codesili/siteapi.codesilicon.com/vendor/illuminate/container/Util.php(36): Illuminate\\Container\\BoundMethod::Illuminate\\Container\\{closure}()
#12 /home/codesili/siteapi.codesilicon.com/vendor/illuminate/container/BoundMethod.php(90): Illuminate\\Container\\Util::unwrapIfClosure(Object(Closure))
#13 /home/codesili/siteapi.codesilicon.com/vendor/illuminate/container/BoundMethod.php(34): Illuminate\\Container\\BoundMethod::callBoundMethod(Object(Laravel\\Lumen\\Application), Array, Object(Closure))
#14 /home/codesili/siteapi.codesilicon.com/vendor/illuminate/container/Container.php(590): Illuminate\\Container\\BoundMethod::call(Object(Laravel\\Lumen\\Application), Array, Array, NULL)
#15 /home/codesili/siteapi.codesilicon.com/vendor/laravel/lumen-framework/src/Concerns/RoutesRequests.php(376): Illuminate\\Container\\Container->call(Array, Array)
#16 /home/codesili/siteapi.codesilicon.com/vendor/laravel/lumen-framework/src/Concerns/RoutesRequests.php(342): Laravel\\Lumen\\Application->callControllerCallable(Array, Array)
#17 /home/codesili/siteapi.codesilicon.com/vendor/laravel/lumen-framework/src/Concerns/RoutesRequests.php(316): Laravel\\Lumen\\Application->callLumenController(Object(App\\Http\\Controllers\\HomeEtcController), 'onSelectHomeTit...', Array)
#18 /home/codesili/siteapi.codesilicon.com/vendor/laravel/lumen-framework/src/Concerns/RoutesRequests.php(278): Laravel\\Lumen\\Application->callControllerAction(Array)
#19 /home/codesili/siteapi.codesilicon.com/vendor/laravel/lumen-framework/src/Concerns/RoutesRequests.php(258): Laravel\\Lumen\\Application->callActionOnArrayBasedRoute(Array)
#20 [internal function]: Laravel\\Lumen\\Application->Laravel\\Lumen\\Concerns\\{closure}(Object(Laravel\\Lumen\\Http\\Request))
#21 /home/codesili/siteapi.codesilicon.com/vendor/laravel/lumen-framework/src/Routing/Pipeline.php(52): call_user_func(Object(Closure), Object(Laravel\\Lumen\\Http\\Request))
#22 /home/codesili/siteapi.codesilicon.com/app/Http/Middleware/Authenticate.php(39): Laravel\\Lumen\\Routing\\Pipeline->Laravel\\Lumen\\Routing\\{closure}(Object(Laravel\\Lumen\\Http\\Request))
#23 /home/codesili/siteapi.codesilicon.com/vendor/illuminate/pipeline/Pipeline.php(171): App\\Http\\Middleware\\Authenticate->handle(Object(Laravel\\Lumen\\Http\\Request), Object(Closure))
#24 [internal function]: Illuminate\\Pipeline\\Pipeline->Illuminate\\Pipeline\\{closure}(Object(Laravel\\Lumen\\Http\\Request))
#25 /home/codesili/siteapi.codesilicon.com/vendor/laravel/lumen-framework/src/Routing/Pipeline.php(32): call_user_func(Object(Closure), Object(Laravel\\Lumen\\Http\\Request))
#26 /home/codesili/siteapi.codesilicon.com/vendor/illuminate/pipeline/Pipeline.php(105): Laravel\\Lumen\\Routing\\Pipeline->Laravel\\Lumen\\Routing\\{closure}(Object(Laravel\\Lumen\\Http\\Request))
#27 /home/codesili/siteapi.codesilicon.com/vendor/laravel/lumen-framework/src/Concerns/RoutesRequests.php(413): Illuminate\\Pipeline\\Pipeline->then(Object(Closure))
#28 /home/codesili/siteapi.codesilicon.com/vendor/laravel/lumen-framework/src/Concerns/RoutesRequests.php(259): Laravel\\Lumen\\Application->sendThroughPipeline(Array, Object(Closure))
#29 /home/codesili/siteapi.codesilicon.com/vendor/laravel/lumen-framework/src/Concerns/RoutesRequests.php(165): Laravel\\Lumen\\Application->handleFoundRoute(Array)
#30 [internal function]: Laravel\\Lumen\\Application->Laravel\\Lumen\\Concerns\\{closure}(Object(Laravel\\Lumen\\Http\\Request))
#31 /home/codesili/siteapi.codesilicon.com/vendor/laravel/lumen-framework/src/Routing/Pipeline.php(52): call_user_func(Object(Closure), Object(Laravel\\Lumen\\Http\\Request))
#32 /home/codesili/siteapi.codesilicon.com/app/Http/Middleware/ExampleMiddleware.php(18): Laravel\\Lumen\\Routing\\Pipeline->Laravel\\Lumen\\Routing\\{closure}(Object(Laravel\\Lumen\\Http\\Request))
#33 /home/codesili/siteapi.codesilicon.com/vendor/illuminate/pipeline/Pipeline.php(171): App\\Http\\Middleware\\ExampleMiddleware->handle(Object(Laravel\\Lumen\\Http\\Request), Object(Closure))
#34 [internal function]: Illuminate\\Pipeline\\Pipeline->Illuminate\\Pipeline\\{closure}(Object(Laravel\\Lumen\\Http\\Request))
#35 /home/codesili/siteapi.codesilicon.com/vendor/laravel/lumen-framework/src/Routing/Pipeline.php(32): call_user_func(Object(Closure), Object(Laravel\\Lumen\\Http\\Request))
#36 /home/codesili/siteapi.codesilicon.com/vendor/illuminate/pipeline/Pipeline.php(105): Laravel\\Lumen\\Routing\\Pipeline->Laravel\\Lumen\\Routing\\{closure}(Object(Laravel\\Lumen\\Http\\Request))
#37 /home/codesili/siteapi.codesilicon.com/vendor/laravel/lumen-framework/src/Concerns/RoutesRequests.php(413): Illuminate\\Pipeline\\Pipeline->then(Object(Closure))
#38 /home/codesili/siteapi.codesilicon.com/vendor/laravel/lumen-framework/src/Concerns/RoutesRequests.php(171): Laravel\\Lumen\\Application->sendThroughPipeline(Array, Object(Closure))
#39 /home/codesili/siteapi.codesilicon.com/vendor/laravel/lumen-framework/src/Concerns/RoutesRequests.php(108): Laravel\\Lumen\\Application->dispatch(NULL)
#40 /home/codesili/siteapi.codesilicon.com/index.php(28): Laravel\\Lumen\\Application->run()
#41 {main}

[previous exception] [object] (PDOException(code: 1044): SQLSTATE[42000] [1044] Access denied for user 'codesili_siteuser'@'localhost' to database 'codesili_site' at /home/codesili/siteapi.codesilicon.com/vendor/illuminate/database/Connectors/Connector.php:70)
[stacktrace]
#0 /home/codesili/siteapi.codesilicon.com/vendor/illuminate/database/Connectors/Connector.php(70): PDO->__construct('mysql:host=127....', 'codesili_siteus...', 'r+@e{DsYMt%O', Array)
#1 /home/codesili/siteapi.codesilicon.com/vendor/illuminate/database/Connectors/Connector.php(46): Illuminate\\Database\\Connectors\\Connector->createPdoConnection('mysql:host=127....', 'codesili_siteus...', 'r+@e{DsYMt%O', Array)
#2 /home/codesili/siteapi.codesilicon.com/vendor/illuminate/database/Connectors/MySqlConnector.php(24): Illuminate\\Database\\Connectors\\Connector->createConnection('mysql:host=127....', Array, Array)
#3 /home/codesili/siteapi.codesilicon.com/vendor/illuminate/database/Connectors/ConnectionFactory.php(182): Illuminate\\Database\\Connectors\\MySqlConnector->connect(Array)
#4 [internal function]: Illuminate\\Database\\Connectors\\ConnectionFactory->Illuminate\\Database\\Connectors\\{closure}()
#5 /home/codesili/siteapi.codesilicon.com/vendor/illuminate/database/Connection.php(924): call_user_func(Object(Closure))
#6 /home/codesili/siteapi.codesilicon.com/vendor/illuminate/database/Connection.php(959): Illuminate\\Database\\Connection->getPdo()
#7 /home/codesili/siteapi.codesilicon.com/vendor/illuminate/database/Connection.php(404): Illuminate\\Database\\Connection->getReadPdo()
#8 /home/codesili/siteapi.codesilicon.com/vendor/illuminate/database/Connection.php(330): Illuminate\\Database\\Connection->getPdoForSelect(true)
#9 /home/codesili/siteapi.codesilicon.com/vendor/illuminate/database/Connection.php(662): Illuminate\\Database\\Connection->Illuminate\\Database\\{closure}('select `home_ti...', Array)
#10 /home/codesili/siteapi.codesilicon.com/vendor/illuminate/database/Connection.php(629): Illuminate\\Database\\Connection->runQueryCallback('select `home_ti...', Array, Object(Closure))
#11 /home/codesili/siteapi.codesilicon.com/vendor/illuminate/database/Connection.php(338): Illuminate\\Database\\Connection->run('select `home_ti...', Array, Object(Closure))
#12 /home/codesili/siteapi.codesilicon.com/vendor/illuminate/database/Query/Builder.php(2132): Illuminate\\Database\\Connection->select('select `home_ti...', Array, true)
#13 /home/codesili/siteapi.codesilicon.com/vendor/illuminate/database/Query/Builder.php(2120): Illuminate\\Database\\Query\\Builder->runSelect()
#14 /home/codesili/siteapi.codesilicon.com/vendor/illuminate/database/Query/Builder.php(2586): Illuminate\\Database\\Query\\Builder->Illuminate\\Database\\Query\\{closure}()
#15 /home/codesili/siteapi.codesilicon.com/vendor/illuminate/database/Query/Builder.php(2121): Illuminate\\Database\\Query\\Builder->onceWithColumns(Array, Object(Closure))
#16 /home/codesili/siteapi.codesilicon.com/vendor/illuminate/database/Eloquent/Builder.php(537): Illuminate\\Database\\Query\\Builder->get(Array)
#17 /home/codesili/siteapi.codesilicon.com/vendor/illuminate/database/Eloquent/Builder.php(521): Illuminate\\Database\\Eloquent\\Builder->getModels(Array)
#18 /home/codesili/siteapi.codesilicon.com/app/Http/Controllers/HomeEtcController.php(28): Illuminate\\Database\\Eloquent\\Builder->get()
#19 [internal function]: App\\Http\\Controllers\\HomeEtcController->onSelectHomeTitle()
#20 /home/codesili/siteapi.codesilicon.com/vendor/illuminate/container/BoundMethod.php(32): call_user_func_array(Array, Array)
#21 /home/codesili/siteapi.codesilicon.com/vendor/illuminate/container/Util.php(36): Illuminate\\Container\\BoundMethod::Illuminate\\Container\\{closure}()
#22 /home/codesili/siteapi.codesilicon.com/vendor/illuminate/container/BoundMethod.php(90): Illuminate\\Container\\Util::unwrapIfClosure(Object(Closure))
#23 /home/codesili/siteapi.codesilicon.com/vendor/illuminate/container/BoundMethod.php(34): Illuminate\\Container\\BoundMethod::callBoundMethod(Object(Laravel\\Lumen\\Application), Array, Object(Closure))
#24 /home/codesili/siteapi.codesilicon.com/vendor/illuminate/container/Container.php(590): Illuminate\\Container\\BoundMethod::call(Object(Laravel\\Lumen\\Application), Array, Array, NULL)
#25 /home/codesili/siteapi.codesilicon.com/vendor/laravel/lumen-framework/src/Concerns/RoutesRequests.php(376): Illuminate\\Container\\Container->call(Array, Array)
#26 /home/codesili/siteapi.codesilicon.com/vendor/laravel/lumen-framework/src/Concerns/RoutesRequests.php(342): Laravel\\Lumen\\Application->callControllerCallable(Array, Array)
#27 /home/codesili/siteapi.codesilicon.com/vendor/laravel/lumen-framework/src/Concerns/RoutesRequests.php(316): Laravel\\Lumen\\Application->callLumenController(Object(App\\Http\\Controllers\\HomeEtcController), 'onSelectHomeTit...', Array)
#28 /home/codesili/siteapi.codesilicon.com/vendor/laravel/lumen-framework/src/Concerns/RoutesRequests.php(278): Laravel\\Lumen\\Application->callControllerAction(Array)
#29 /home/codesili/siteapi.codesilicon.com/vendor/laravel/lumen-framework/src/Concerns/RoutesRequests.php(258): Laravel\\Lumen\\Application->callActionOnArrayBasedRoute(Array)
#30 [internal function]: Laravel\\Lumen\\Application->Laravel\\Lumen\\Concerns\\{closure}(Object(Laravel\\Lumen\\Http\\Request))
#31 /home/codesili/siteapi.codesilicon.com/vendor/laravel/lumen-framework/src/Routing/Pipeline.php(52): call_user_func(Object(Closure), Object(Laravel\\Lumen\\Http\\Request))
#32 /home/codesili/siteapi.codesilicon.com/app/Http/Middleware/Authenticate.php(39): Laravel\\Lumen\\Routing\\Pipeline->Laravel\\Lumen\\Routing\\{closure}(Object(Laravel\\Lumen\\Http\\Request))
#33 /home/codesili/siteapi.codesilicon.com/vendor/illuminate/pipeline/Pipeline.php(171): App\\Http\\Middleware\\Authenticate->handle(Object(Laravel\\Lumen\\Http\\Request), Object(Closure))
#34 [internal function]: Illuminate\\Pipeline\\Pipeline->Illuminate\\Pipeline\\{closure}(Object(Laravel\\Lumen\\Http\\Request))
#35 /home/codesili/siteapi.codesilicon.com/vendor/laravel/lumen-framework/src/Routing/Pipeline.php(32): call_user_func(Object(Closure), Object(Laravel\\Lumen\\Http\\Request))
#36 /home/codesili/siteapi.codesilicon.com/vendor/illuminate/pipeline/Pipeline.php(105): Laravel\\Lumen\\Routing\\Pipeline->Laravel\\Lumen\\Routing\\{closure}(Object(Laravel\\Lumen\\Http\\Request))
#37 /home/codesili/siteapi.codesilicon.com/vendor/laravel/lumen-framework/src/Concerns/RoutesRequests.php(413): Illuminate\\Pipeline\\Pipeline->then(Object(Closure))
#38 /home/codesili/siteapi.codesilicon.com/vendor/laravel/lumen-framework/src/Concerns/RoutesRequests.php(259): Laravel\\Lumen\\Application->sendThroughPipeline(Array, Object(Closure))
#39 /home/codesili/siteapi.codesilicon.com/vendor/laravel/lumen-framework/src/Concerns/RoutesRequests.php(165): Laravel\\Lumen\\Application->handleFoundRoute(Array)
#40 [internal function]: Laravel\\Lumen\\Application->Laravel\\Lumen\\Concerns\\{closure}(Object(Laravel\\Lumen\\Http\\Request))
#41 /home/codesili/siteapi.codesilicon.com/vendor/laravel/lumen-framework/src/Routing/Pipeline.php(52): call_user_func(Object(Closure), Object(Laravel\\Lumen\\Http\\Request))
#42 /home/codesili/siteapi.codesilicon.com/app/Http/Middleware/ExampleMiddleware.php(18): Laravel\\Lumen\\Routing\\Pipeline->Laravel\\Lumen\\Routing\\{closure}(Object(Laravel\\Lumen\\Http\\Request))
#43 /home/codesili/siteapi.codesilicon.com/vendor/illuminate/pipeline/Pipeline.php(171): App\\Http\\Middleware\\ExampleMiddleware->handle(Object(Laravel\\Lumen\\Http\\Request), Object(Closure))
#44 [internal function]: Illuminate\\Pipeline\\Pipeline->Illuminate\\Pipeline\\{closure}(Object(Laravel\\Lumen\\Http\\Request))
#45 /home/codesili/siteapi.codesilicon.com/vendor/laravel/lumen-framework/src/Routing/Pipeline.php(32): call_user_func(Object(Closure), Object(Laravel\\Lumen\\Http\\Request))
#46 /home/codesili/siteapi.codesilicon.com/vendor/illuminate/pipeline/Pipeline.php(105): Laravel\\Lumen\\Routing\\Pipeline->Laravel\\Lumen\\Routing\\{closure}(Object(Laravel\\Lumen\\Http\\Request))
#47 /home/codesili/siteapi.codesilicon.com/vendor/laravel/lumen-framework/src/Concerns/RoutesRequests.php(413): Illuminate\\Pipeline\\Pipeline->then(Object(Closure))
#48 /home/codesili/siteapi.codesilicon.com/vendor/laravel/lumen-framework/src/Concerns/RoutesRequests.php(171): Laravel\\Lumen\\Application->sendThroughPipeline(Array, Object(Closure))
#49 /home/codesili/siteapi.codesilicon.com/vendor/laravel/lumen-framework/src/Concerns/RoutesRequests.php(108): Laravel\\Lumen\\Application->dispatch(NULL)
#50 /home/codesili/siteapi.codesilicon.com/index.php(28): Laravel\\Lumen\\Application->run()
#51 {main}
"} 
[2020-03-07 04:43:23] local.ERROR: PDOException: SQLSTATE[42000] [1044] Access denied for user 'codesili_siteuser'@'localhost' to database 'codesili_site' in /home/codesili/siteapi.codesilicon.com/vendor/illuminate/database/Connectors/Connector.php:70
Stack trace:
#0 /home/codesili/siteapi.codesilicon.com/vendor/illuminate/database/Connectors/Connector.php(70): PDO->__construct('mysql:host=127....', 'codesili_siteus...', 'r+@e{DsYMt%O', Array)
#1 /home/codesili/siteapi.codesilicon.com/vendor/illuminate/database/Connectors/Connector.php(46): Illuminate\Database\Connectors\Connector->createPdoConnection('mysql:host=127....', 'codesili_siteus...', 'r+@e{DsYMt%O', Array)
#2 /home/codesili/siteapi.codesilicon.com/vendor/illuminate/database/Connectors/MySqlConnector.php(24): Illuminate\Database\Connectors\Connector->createConnection('mysql:host=127....', Array, Array)
#3 /home/codesili/siteapi.codesilicon.com/vendor/illuminate/database/Connectors/ConnectionFactory.php(182): Illuminate\Database\Connectors\MySqlConnector->connect(Array)
#4 [internal function]: Illuminate\Database\Connectors\ConnectionFactory->Illuminate\Database\Connectors\{closure}()
#5 /home/codesili/siteapi.codesilicon.com/vendor/illuminate/database/Connection.php(924): call_user_func(Object(Closure))
#6 /home/codesili/siteapi.codesilicon.com/vendor/illuminate/database/Connection.php(959): Illuminate\Database\Connection->getPdo()
#7 /home/codesili/siteapi.codesilicon.com/vendor/illuminate/database/Connection.php(404): Illuminate\Database\Connection->getReadPdo()
#8 /home/codesili/siteapi.codesilicon.com/vendor/illuminate/database/Connection.php(330): Illuminate\Database\Connection->getPdoForSelect(true)
#9 /home/codesili/siteapi.codesilicon.com/vendor/illuminate/database/Connection.php(662): Illuminate\Database\Connection->Illuminate\Database\{closure}('select `home_ti...', Array)
#10 /home/codesili/siteapi.codesilicon.com/vendor/illuminate/database/Connection.php(629): Illuminate\Database\Connection->runQueryCallback('select `home_ti...', Array, Object(Closure))
#11 /home/codesili/siteapi.codesilicon.com/vendor/illuminate/database/Connection.php(338): Illuminate\Database\Connection->run('select `home_ti...', Array, Object(Closure))
#12 /home/codesili/siteapi.codesilicon.com/vendor/illuminate/database/Query/Builder.php(2132): Illuminate\Database\Connection->select('select `home_ti...', Array, true)
#13 /home/codesili/siteapi.codesilicon.com/vendor/illuminate/database/Query/Builder.php(2120): Illuminate\Database\Query\Builder->runSelect()
#14 /home/codesili/siteapi.codesilicon.com/vendor/illuminate/database/Query/Builder.php(2586): Illuminate\Database\Query\Builder->Illuminate\Database\Query\{closure}()
#15 /home/codesili/siteapi.codesilicon.com/vendor/illuminate/database/Query/Builder.php(2121): Illuminate\Database\Query\Builder->onceWithColumns(Array, Object(Closure))
#16 /home/codesili/siteapi.codesilicon.com/vendor/illuminate/database/Eloquent/Builder.php(537): Illuminate\Database\Query\Builder->get(Array)
#17 /home/codesili/siteapi.codesilicon.com/vendor/illuminate/database/Eloquent/Builder.php(521): Illuminate\Database\Eloquent\Builder->getModels(Array)
#18 /home/codesili/siteapi.codesilicon.com/app/Http/Controllers/HomeEtcController.php(28): Illuminate\Database\Eloquent\Builder->get()
#19 [internal function]: App\Http\Controllers\HomeEtcController->onSelectHomeTitle()
#20 /home/codesili/siteapi.codesilicon.com/vendor/illuminate/container/BoundMethod.php(32): call_user_func_array(Array, Array)
#21 /home/codesili/siteapi.codesilicon.com/vendor/illuminate/container/Util.php(36): Illuminate\Container\BoundMethod::Illuminate\Container\{closure}()
#22 /home/codesili/siteapi.codesilicon.com/vendor/illuminate/container/BoundMethod.php(90): Illuminate\Container\Util::unwrapIfClosure(Object(Closure))
#23 /home/codesili/siteapi.codesilicon.com/vendor/illuminate/container/BoundMethod.php(34): Illuminate\Container\BoundMethod::callBoundMethod(Object(Laravel\Lumen\Application), Array, Object(Closure))
#24 /home/codesili/siteapi.codesilicon.com/vendor/illuminate/container/Container.php(590): Illuminate\Container\BoundMethod::call(Object(Laravel\Lumen\Application), Array, Array, NULL)
#25 /home/codesili/siteapi.codesilicon.com/vendor/laravel/lumen-framework/src/Concerns/RoutesRequests.php(376): Illuminate\Container\Container->call(Array, Array)
#26 /home/codesili/siteapi.codesilicon.com/vendor/laravel/lumen-framework/src/Concerns/RoutesRequests.php(342): Laravel\Lumen\Application->callControllerCallable(Array, Array)
#27 /home/codesili/siteapi.codesilicon.com/vendor/laravel/lumen-framework/src/Concerns/RoutesRequests.php(316): Laravel\Lumen\Application->callLumenController(Object(App\Http\Controllers\HomeEtcController), 'onSelectHomeTit...', Array)
#28 /home/codesili/siteapi.codesilicon.com/vendor/laravel/lumen-framework/src/Concerns/RoutesRequests.php(278): Laravel\Lumen\Application->callControllerAction(Array)
#29 /home/codesili/siteapi.codesilicon.com/vendor/laravel/lumen-framework/src/Concerns/RoutesRequests.php(258): Laravel\Lumen\Application->callActionOnArrayBasedRoute(Array)
#30 [internal function]: Laravel\Lumen\Application->Laravel\Lumen\Concerns\{closure}(Object(Laravel\Lumen\Http\Request))
#31 /home/codesili/siteapi.codesilicon.com/vendor/laravel/lumen-framework/src/Routing/Pipeline.php(52): call_user_func(Object(Closure), Object(Laravel\Lumen\Http\Request))
#32 /home/codesili/siteapi.codesilicon.com/app/Http/Middleware/Authenticate.php(39): Laravel\Lumen\Routing\Pipeline->Laravel\Lumen\Routing\{closure}(Object(Laravel\Lumen\Http\Request))
#33 /home/codesili/siteapi.codesilicon.com/vendor/illuminate/pipeline/Pipeline.php(171): App\Http\Middleware\Authenticate->handle(Object(Laravel\Lumen\Http\Request), Object(Closure))
#34 [internal function]: Illuminate\Pipeline\Pipeline->Illuminate\Pipeline\{closure}(Object(Laravel\Lumen\Http\Request))
#35 /home/codesili/siteapi.codesilicon.com/vendor/laravel/lumen-framework/src/Routing/Pipeline.php(32): call_user_func(Object(Closure), Object(Laravel\Lumen\Http\Request))
#36 /home/codesili/siteapi.codesilicon.com/vendor/illuminate/pipeline/Pipeline.php(105): Laravel\Lumen\Routing\Pipeline->Laravel\Lumen\Routing\{closure}(Object(Laravel\Lumen\Http\Request))
#37 /home/codesili/siteapi.codesilicon.com/vendor/laravel/lumen-framework/src/Concerns/RoutesRequests.php(413): Illuminate\Pipeline\Pipeline->then(Object(Closure))
#38 /home/codesili/siteapi.codesilicon.com/vendor/laravel/lumen-framework/src/Concerns/RoutesRequests.php(259): Laravel\Lumen\Application->sendThroughPipeline(Array, Object(Closure))
#39 /home/codesili/siteapi.codesilicon.com/vendor/laravel/lumen-framework/src/Concerns/RoutesRequests.php(165): Laravel\Lumen\Application->handleFoundRoute(Array)
#40 [internal function]: Laravel\Lumen\Application->Laravel\Lumen\Concerns\{closure}(Object(Laravel\Lumen\Http\Request))
#41 /home/codesili/siteapi.codesilicon.com/vendor/laravel/lumen-framework/src/Routing/Pipeline.php(52): call_user_func(Object(Closure), Object(Laravel\Lumen\Http\Request))
#42 /home/codesili/siteapi.codesilicon.com/app/Http/Middleware/ExampleMiddleware.php(18): Laravel\Lumen\Routing\Pipeline->Laravel\Lumen\Routing\{closure}(Object(Laravel\Lumen\Http\Request))
#43 /home/codesili/siteapi.codesilicon.com/vendor/illuminate/pipeline/Pipeline.php(171): App\Http\Middleware\ExampleMiddleware->handle(Object(Laravel\Lumen\Http\Request), Object(Closure))
#44 [internal function]: Illuminate\Pipeline\Pipeline->Illuminate\Pipeline\{closure}(Object(Laravel\Lumen\Http\Request))
#45 /home/codesili/siteapi.codesilicon.com/vendor/laravel/lumen-framework/src/Routing/Pipeline.php(32): call_user_func(Object(Closure), Object(Laravel\Lumen\Http\Request))
#46 /home/codesili/siteapi.codesilicon.com/vendor/illuminate/pipeline/Pipeline.php(105): Laravel\Lumen\Routing\Pipeline->Laravel\Lumen\Routing\{closure}(Object(Laravel\Lumen\Http\Request))
#47 /home/codesili/siteapi.codesilicon.com/vendor/laravel/lumen-framework/src/Concerns/RoutesRequests.php(413): Illuminate\Pipeline\Pipeline->then(Object(Closure))
#48 /home/codesili/siteapi.codesilicon.com/vendor/laravel/lumen-framework/src/Concerns/RoutesRequests.php(171): Laravel\Lumen\Application->sendThroughPipeline(Array, Object(Closure))
#49 /home/codesili/siteapi.codesilicon.com/vendor/laravel/lumen-framework/src/Concerns/RoutesRequests.php(108): Laravel\Lumen\Application->dispatch(NULL)
#50 /home/codesili/siteapi.codesilicon.com/index.php(28): Laravel\Lumen\Application->run()
#51 {main}

Next Illuminate\Database\QueryException: SQLSTATE[42000] [1044] Access denied for user 'codesili_siteuser'@'localhost' to database 'codesili_site' (SQL: select `home_title`, `home_subtitle` from `home_etc`) in /home/codesili/siteapi.codesilicon.com/vendor/illuminate/database/Connection.php:669
Stack trace:
#0 /home/codesili/siteapi.codesilicon.com/vendor/illuminate/database/Connection.php(629): Illuminate\Database\Connection->runQueryCallback('select `home_ti...', Array, Object(Closure))
#1 /home/codesili/siteapi.codesilicon.com/vendor/illuminate/database/Connection.php(338): Illuminate\Database\Connection->run('select `home_ti...', Array, Object(Closure))
#2 /home/codesili/siteapi.codesilicon.com/vendor/illuminate/database/Query/Builder.php(2132): Illuminate\Database\Connection->select('select `home_ti...', Array, true)
#3 /home/codesili/siteapi.codesilicon.com/vendor/illuminate/database/Query/Builder.php(2120): Illuminate\Database\Query\Builder->runSelect()
#4 /home/codesili/siteapi.codesilicon.com/vendor/illuminate/database/Query/Builder.php(2586): Illuminate\Database\Query\Builder->Illuminate\Database\Query\{closure}()
#5 /home/codesili/siteapi.codesilicon.com/vendor/illuminate/database/Query/Builder.php(2121): Illuminate\Database\Query\Builder->onceWithColumns(Array, Object(Closure))
#6 /home/codesili/siteapi.codesilicon.com/vendor/illuminate/database/Eloquent/Builder.php(537): Illuminate\Database\Query\Builder->get(Array)
#7 /home/codesili/siteapi.codesilicon.com/vendor/illuminate/database/Eloquent/Builder.php(521): Illuminate\Database\Eloquent\Builder->getModels(Array)
#8 /home/codesili/siteapi.codesilicon.com/app/Http/Controllers/HomeEtcController.php(28): Illuminate\Database\Eloquent\Builder->get()
#9 [internal function]: App\Http\Controllers\HomeEtcController->onSelectHomeTitle()
#10 /home/codesili/siteapi.codesilicon.com/vendor/illuminate/container/BoundMethod.php(32): call_user_func_array(Array, Array)
#11 /home/codesili/siteapi.codesilicon.com/vendor/illuminate/container/Util.php(36): Illuminate\Container\BoundMethod::Illuminate\Container\{closure}()
#12 /home/codesili/siteapi.codesilicon.com/vendor/illuminate/container/BoundMethod.php(90): Illuminate\Container\Util::unwrapIfClosure(Object(Closure))
#13 /home/codesili/siteapi.codesilicon.com/vendor/illuminate/container/BoundMethod.php(34): Illuminate\Container\BoundMethod::callBoundMethod(Object(Laravel\Lumen\Application), Array, Object(Closure))
#14 /home/codesili/siteapi.codesilicon.com/vendor/illuminate/container/Container.php(590): Illuminate\Container\BoundMethod::call(Object(Laravel\Lumen\Application), Array, Array, NULL)
#15 /home/codesili/siteapi.codesilicon.com/vendor/laravel/lumen-framework/src/Concerns/RoutesRequests.php(376): Illuminate\Container\Container->call(Array, Array)
#16 /home/codesili/siteapi.codesilicon.com/vendor/laravel/lumen-framework/src/Concerns/RoutesRequests.php(342): Laravel\Lumen\Application->callControllerCallable(Array, Array)
#17 /home/codesili/siteapi.codesilicon.com/vendor/laravel/lumen-framework/src/Concerns/RoutesRequests.php(316): Laravel\Lumen\Application->callLumenController(Object(App\Http\Controllers\HomeEtcController), 'onSelectHomeTit...', Array)
#18 /home/codesili/siteapi.codesilicon.com/vendor/laravel/lumen-framework/src/Concerns/RoutesRequests.php(278): Laravel\Lumen\Application->callControllerAction(Array)
#19 /home/codesili/siteapi.codesilicon.com/vendor/laravel/lumen-framework/src/Concerns/RoutesRequests.php(258): Laravel\Lumen\Application->callActionOnArrayBasedRoute(Array)
#20 [internal function]: Laravel\Lumen\Application->Laravel\Lumen\Concerns\{closure}(Object(Laravel\Lumen\Http\Request))
#21 /home/codesili/siteapi.codesilicon.com/vendor/laravel/lumen-framework/src/Routing/Pipeline.php(52): call_user_func(Object(Closure), Object(Laravel\Lumen\Http\Request))
#22 /home/codesili/siteapi.codesilicon.com/app/Http/Middleware/Authenticate.php(39): Laravel\Lumen\Routing\Pipeline->Laravel\Lumen\Routing\{closure}(Object(Laravel\Lumen\Http\Request))
#23 /home/codesili/siteapi.codesilicon.com/vendor/illuminate/pipeline/Pipeline.php(171): App\Http\Middleware\Authenticate->handle(Object(Laravel\Lumen\Http\Request), Object(Closure))
#24 [internal function]: Illuminate\Pipeline\Pipeline->Illuminate\Pipeline\{closure}(Object(Laravel\Lumen\Http\Request))
#25 /home/codesili/siteapi.codesilicon.com/vendor/laravel/lumen-framework/src/Routing/Pipeline.php(32): call_user_func(Object(Closure), Object(Laravel\Lumen\Http\Request))
#26 /home/codesili/siteapi.codesilicon.com/vendor/illuminate/pipeline/Pipeline.php(105): Laravel\Lumen\Routing\Pipeline->Laravel\Lumen\Routing\{closure}(Object(Laravel\Lumen\Http\Request))
#27 /home/codesili/siteapi.codesilicon.com/vendor/laravel/lumen-framework/src/Concerns/RoutesRequests.php(413): Illuminate\Pipeline\Pipeline->then(Object(Closure))
#28 /home/codesili/siteapi.codesilicon.com/vendor/laravel/lumen-framework/src/Concerns/RoutesRequests.php(259): Laravel\Lumen\Application->sendThroughPipeline(Array, Object(Closure))
#29 /home/codesili/siteapi.codesilicon.com/vendor/laravel/lumen-framework/src/Concerns/RoutesRequests.php(165): Laravel\Lumen\Application->handleFoundRoute(Array)
#30 [internal function]: Laravel\Lumen\Application->Laravel\Lumen\Concerns\{closure}(Object(Laravel\Lumen\Http\Request))
#31 /home/codesili/siteapi.codesilicon.com/vendor/laravel/lumen-framework/src/Routing/Pipeline.php(52): call_user_func(Object(Closure), Object(Laravel\Lumen\Http\Request))
#32 /home/codesili/siteapi.codesilicon.com/app/Http/Middleware/ExampleMiddleware.php(18): Laravel\Lumen\Routing\Pipeline->Laravel\Lumen\Routing\{closure}(Object(Laravel\Lumen\Http\Request))
#33 /home/codesili/siteapi.codesilicon.com/vendor/illuminate/pipeline/Pipeline.php(171): App\Http\Middleware\ExampleMiddleware->handle(Object(Laravel\Lumen\Http\Request), Object(Closure))
#34 [internal function]: Illuminate\Pipeline\Pipeline->Illuminate\Pipeline\{closure}(Object(Laravel\Lumen\Http\Request))
#35 /home/codesili/siteapi.codesilicon.com/vendor/laravel/lumen-framework/src/Routing/Pipeline.php(32): call_user_func(Object(Closure), Object(Laravel\Lumen\Http\Request))
#36 /home/codesili/siteapi.codesilicon.com/vendor/illuminate/pipeline/Pipeline.php(105): Laravel\Lumen\Routing\Pipeline->Laravel\Lumen\Routing\{closure}(Object(Laravel\Lumen\Http\Request))
#37 /home/codesili/siteapi.codesilicon.com/vendor/laravel/lumen-framework/src/Concerns/RoutesRequests.php(413): Illuminate\Pipeline\Pipeline->then(Object(Closure))
#38 /home/codesili/siteapi.codesilicon.com/vendor/laravel/lumen-framework/src/Concerns/RoutesRequests.php(171): Laravel\Lumen\Application->sendThroughPipeline(Array, Object(Closure))
#39 /home/codesili/siteapi.codesilicon.com/vendor/laravel/lumen-framework/src/Concerns/RoutesRequests.php(108): Laravel\Lumen\Application->dispatch(NULL)
#40 /home/codesili/siteapi.codesilicon.com/index.php(28): Laravel\Lumen\Application->run()
#41 {main} {"exception":"[object] (Illuminate\\Database\\QueryException(code: 1044): SQLSTATE[42000] [1044] Access denied for user 'codesili_siteuser'@'localhost' to database 'codesili_site' (SQL: select `home_title`, `home_subtitle` from `home_etc`) at /home/codesili/siteapi.codesilicon.com/vendor/illuminate/database/Connection.php:669)
[stacktrace]
#0 /home/codesili/siteapi.codesilicon.com/vendor/illuminate/database/Connection.php(629): Illuminate\\Database\\Connection->runQueryCallback('select `home_ti...', Array, Object(Closure))
#1 /home/codesili/siteapi.codesilicon.com/vendor/illuminate/database/Connection.php(338): Illuminate\\Database\\Connection->run('select `home_ti...', Array, Object(Closure))
#2 /home/codesili/siteapi.codesilicon.com/vendor/illuminate/database/Query/Builder.php(2132): Illuminate\\Database\\Connection->select('select `home_ti...', Array, true)
#3 /home/codesili/siteapi.codesilicon.com/vendor/illuminate/database/Query/Builder.php(2120): Illuminate\\Database\\Query\\Builder->runSelect()
#4 /home/codesili/siteapi.codesilicon.com/vendor/illuminate/database/Query/Builder.php(2586): Illuminate\\Database\\Query\\Builder->Illuminate\\Database\\Query\\{closure}()
#5 /home/codesili/siteapi.codesilicon.com/vendor/illuminate/database/Query/Builder.php(2121): Illuminate\\Database\\Query\\Builder->onceWithColumns(Array, Object(Closure))
#6 /home/codesili/siteapi.codesilicon.com/vendor/illuminate/database/Eloquent/Builder.php(537): Illuminate\\Database\\Query\\Builder->get(Array)
#7 /home/codesili/siteapi.codesilicon.com/vendor/illuminate/database/Eloquent/Builder.php(521): Illuminate\\Database\\Eloquent\\Builder->getModels(Array)
#8 /home/codesili/siteapi.codesilicon.com/app/Http/Controllers/HomeEtcController.php(28): Illuminate\\Database\\Eloquent\\Builder->get()
#9 [internal function]: App\\Http\\Controllers\\HomeEtcController->onSelectHomeTitle()
#10 /home/codesili/siteapi.codesilicon.com/vendor/illuminate/container/BoundMethod.php(32): call_user_func_array(Array, Array)
#11 /home/codesili/siteapi.codesilicon.com/vendor/illuminate/container/Util.php(36): Illuminate\\Container\\BoundMethod::Illuminate\\Container\\{closure}()
#12 /home/codesili/siteapi.codesilicon.com/vendor/illuminate/container/BoundMethod.php(90): Illuminate\\Container\\Util::unwrapIfClosure(Object(Closure))
#13 /home/codesili/siteapi.codesilicon.com/vendor/illuminate/container/BoundMethod.php(34): Illuminate\\Container\\BoundMethod::callBoundMethod(Object(Laravel\\Lumen\\Application), Array, Object(Closure))
#14 /home/codesili/siteapi.codesilicon.com/vendor/illuminate/container/Container.php(590): Illuminate\\Container\\BoundMethod::call(Object(Laravel\\Lumen\\Application), Array, Array, NULL)
#15 /home/codesili/siteapi.codesilicon.com/vendor/laravel/lumen-framework/src/Concerns/RoutesRequests.php(376): Illuminate\\Container\\Container->call(Array, Array)
#16 /home/codesili/siteapi.codesilicon.com/vendor/laravel/lumen-framework/src/Concerns/RoutesRequests.php(342): Laravel\\Lumen\\Application->callControllerCallable(Array, Array)
#17 /home/codesili/siteapi.codesilicon.com/vendor/laravel/lumen-framework/src/Concerns/RoutesRequests.php(316): Laravel\\Lumen\\Application->callLumenController(Object(App\\Http\\Controllers\\HomeEtcController), 'onSelectHomeTit...', Array)
#18 /home/codesili/siteapi.codesilicon.com/vendor/laravel/lumen-framework/src/Concerns/RoutesRequests.php(278): Laravel\\Lumen\\Application->callControllerAction(Array)
#19 /home/codesili/siteapi.codesilicon.com/vendor/laravel/lumen-framework/src/Concerns/RoutesRequests.php(258): Laravel\\Lumen\\Application->callActionOnArrayBasedRoute(Array)
#20 [internal function]: Laravel\\Lumen\\Application->Laravel\\Lumen\\Concerns\\{closure}(Object(Laravel\\Lumen\\Http\\Request))
#21 /home/codesili/siteapi.codesilicon.com/vendor/laravel/lumen-framework/src/Routing/Pipeline.php(52): call_user_func(Object(Closure), Object(Laravel\\Lumen\\Http\\Request))
#22 /home/codesili/siteapi.codesilicon.com/app/Http/Middleware/Authenticate.php(39): Laravel\\Lumen\\Routing\\Pipeline->Laravel\\Lumen\\Routing\\{closure}(Object(Laravel\\Lumen\\Http\\Request))
#23 /home/codesili/siteapi.codesilicon.com/vendor/illuminate/pipeline/Pipeline.php(171): App\\Http\\Middleware\\Authenticate->handle(Object(Laravel\\Lumen\\Http\\Request), Object(Closure))
#24 [internal function]: Illuminate\\Pipeline\\Pipeline->Illuminate\\Pipeline\\{closure}(Object(Laravel\\Lumen\\Http\\Request))
#25 /home/codesili/siteapi.codesilicon.com/vendor/laravel/lumen-framework/src/Routing/Pipeline.php(32): call_user_func(Object(Closure), Object(Laravel\\Lumen\\Http\\Request))
#26 /home/codesili/siteapi.codesilicon.com/vendor/illuminate/pipeline/Pipeline.php(105): Laravel\\Lumen\\Routing\\Pipeline->Laravel\\Lumen\\Routing\\{closure}(Object(Laravel\\Lumen\\Http\\Request))
#27 /home/codesili/siteapi.codesilicon.com/vendor/laravel/lumen-framework/src/Concerns/RoutesRequests.php(413): Illuminate\\Pipeline\\Pipeline->then(Object(Closure))
#28 /home/codesili/siteapi.codesilicon.com/vendor/laravel/lumen-framework/src/Concerns/RoutesRequests.php(259): Laravel\\Lumen\\Application->sendThroughPipeline(Array, Object(Closure))
#29 /home/codesili/siteapi.codesilicon.com/vendor/laravel/lumen-framework/src/Concerns/RoutesRequests.php(165): Laravel\\Lumen\\Application->handleFoundRoute(Array)
#30 [internal function]: Laravel\\Lumen\\Application->Laravel\\Lumen\\Concerns\\{closure}(Object(Laravel\\Lumen\\Http\\Request))
#31 /home/codesili/siteapi.codesilicon.com/vendor/laravel/lumen-framework/src/Routing/Pipeline.php(52): call_user_func(Object(Closure), Object(Laravel\\Lumen\\Http\\Request))
#32 /home/codesili/siteapi.codesilicon.com/app/Http/Middleware/ExampleMiddleware.php(18): Laravel\\Lumen\\Routing\\Pipeline->Laravel\\Lumen\\Routing\\{closure}(Object(Laravel\\Lumen\\Http\\Request))
#33 /home/codesili/siteapi.codesilicon.com/vendor/illuminate/pipeline/Pipeline.php(171): App\\Http\\Middleware\\ExampleMiddleware->handle(Object(Laravel\\Lumen\\Http\\Request), Object(Closure))
#34 [internal function]: Illuminate\\Pipeline\\Pipeline->Illuminate\\Pipeline\\{closure}(Object(Laravel\\Lumen\\Http\\Request))
#35 /home/codesili/siteapi.codesilicon.com/vendor/laravel/lumen-framework/src/Routing/Pipeline.php(32): call_user_func(Object(Closure), Object(Laravel\\Lumen\\Http\\Request))
#36 /home/codesili/siteapi.codesilicon.com/vendor/illuminate/pipeline/Pipeline.php(105): Laravel\\Lumen\\Routing\\Pipeline->Laravel\\Lumen\\Routing\\{closure}(Object(Laravel\\Lumen\\Http\\Request))
#37 /home/codesili/siteapi.codesilicon.com/vendor/laravel/lumen-framework/src/Concerns/RoutesRequests.php(413): Illuminate\\Pipeline\\Pipeline->then(Object(Closure))
#38 /home/codesili/siteapi.codesilicon.com/vendor/laravel/lumen-framework/src/Concerns/RoutesRequests.php(171): Laravel\\Lumen\\Application->sendThroughPipeline(Array, Object(Closure))
#39 /home/codesili/siteapi.codesilicon.com/vendor/laravel/lumen-framework/src/Concerns/RoutesRequests.php(108): Laravel\\Lumen\\Application->dispatch(NULL)
#40 /home/codesili/siteapi.codesilicon.com/index.php(28): Laravel\\Lumen\\Application->run()
#41 {main}

[previous exception] [object] (PDOException(code: 1044): SQLSTATE[42000] [1044] Access denied for user 'codesili_siteuser'@'localhost' to database 'codesili_site' at /home/codesili/siteapi.codesilicon.com/vendor/illuminate/database/Connectors/Connector.php:70)
[stacktrace]
#0 /home/codesili/siteapi.codesilicon.com/vendor/illuminate/database/Connectors/Connector.php(70): PDO->__construct('mysql:host=127....', 'codesili_siteus...', 'r+@e{DsYMt%O', Array)
#1 /home/codesili/siteapi.codesilicon.com/vendor/illuminate/database/Connectors/Connector.php(46): Illuminate\\Database\\Connectors\\Connector->createPdoConnection('mysql:host=127....', 'codesili_siteus...', 'r+@e{DsYMt%O', Array)
#2 /home/codesili/siteapi.codesilicon.com/vendor/illuminate/database/Connectors/MySqlConnector.php(24): Illuminate\\Database\\Connectors\\Connector->createConnection('mysql:host=127....', Array, Array)
#3 /home/codesili/siteapi.codesilicon.com/vendor/illuminate/database/Connectors/ConnectionFactory.php(182): Illuminate\\Database\\Connectors\\MySqlConnector->connect(Array)
#4 [internal function]: Illuminate\\Database\\Connectors\\ConnectionFactory->Illuminate\\Database\\Connectors\\{closure}()
#5 /home/codesili/siteapi.codesilicon.com/vendor/illuminate/database/Connection.php(924): call_user_func(Object(Closure))
#6 /home/codesili/siteapi.codesilicon.com/vendor/illuminate/database/Connection.php(959): Illuminate\\Database\\Connection->getPdo()
#7 /home/codesili/siteapi.codesilicon.com/vendor/illuminate/database/Connection.php(404): Illuminate\\Database\\Connection->getReadPdo()
#8 /home/codesili/siteapi.codesilicon.com/vendor/illuminate/database/Connection.php(330): Illuminate\\Database\\Connection->getPdoForSelect(true)
#9 /home/codesili/siteapi.codesilicon.com/vendor/illuminate/database/Connection.php(662): Illuminate\\Database\\Connection->Illuminate\\Database\\{closure}('select `home_ti...', Array)
#10 /home/codesili/siteapi.codesilicon.com/vendor/illuminate/database/Connection.php(629): Illuminate\\Database\\Connection->runQueryCallback('select `home_ti...', Array, Object(Closure))
#11 /home/codesili/siteapi.codesilicon.com/vendor/illuminate/database/Connection.php(338): Illuminate\\Database\\Connection->run('select `home_ti...', Array, Object(Closure))
#12 /home/codesili/siteapi.codesilicon.com/vendor/illuminate/database/Query/Builder.php(2132): Illuminate\\Database\\Connection->select('select `home_ti...', Array, true)
#13 /home/codesili/siteapi.codesilicon.com/vendor/illuminate/database/Query/Builder.php(2120): Illuminate\\Database\\Query\\Builder->runSelect()
#14 /home/codesili/siteapi.codesilicon.com/vendor/illuminate/database/Query/Builder.php(2586): Illuminate\\Database\\Query\\Builder->Illuminate\\Database\\Query\\{closure}()
#15 /home/codesili/siteapi.codesilicon.com/vendor/illuminate/database/Query/Builder.php(2121): Illuminate\\Database\\Query\\Builder->onceWithColumns(Array, Object(Closure))
#16 /home/codesili/siteapi.codesilicon.com/vendor/illuminate/database/Eloquent/Builder.php(537): Illuminate\\Database\\Query\\Builder->get(Array)
#17 /home/codesili/siteapi.codesilicon.com/vendor/illuminate/database/Eloquent/Builder.php(521): Illuminate\\Database\\Eloquent\\Builder->getModels(Array)
#18 /home/codesili/siteapi.codesilicon.com/app/Http/Controllers/HomeEtcController.php(28): Illuminate\\Database\\Eloquent\\Builder->get()
#19 [internal function]: App\\Http\\Controllers\\HomeEtcController->onSelectHomeTitle()
#20 /home/codesili/siteapi.codesilicon.com/vendor/illuminate/container/BoundMethod.php(32): call_user_func_array(Array, Array)
#21 /home/codesili/siteapi.codesilicon.com/vendor/illuminate/container/Util.php(36): Illuminate\\Container\\BoundMethod::Illuminate\\Container\\{closure}()
#22 /home/codesili/siteapi.codesilicon.com/vendor/illuminate/container/BoundMethod.php(90): Illuminate\\Container\\Util::unwrapIfClosure(Object(Closure))
#23 /home/codesili/siteapi.codesilicon.com/vendor/illuminate/container/BoundMethod.php(34): Illuminate\\Container\\BoundMethod::callBoundMethod(Object(Laravel\\Lumen\\Application), Array, Object(Closure))
#24 /home/codesili/siteapi.codesilicon.com/vendor/illuminate/container/Container.php(590): Illuminate\\Container\\BoundMethod::call(Object(Laravel\\Lumen\\Application), Array, Array, NULL)
#25 /home/codesili/siteapi.codesilicon.com/vendor/laravel/lumen-framework/src/Concerns/RoutesRequests.php(376): Illuminate\\Container\\Container->call(Array, Array)
#26 /home/codesili/siteapi.codesilicon.com/vendor/laravel/lumen-framework/src/Concerns/RoutesRequests.php(342): Laravel\\Lumen\\Application->callControllerCallable(Array, Array)
#27 /home/codesili/siteapi.codesilicon.com/vendor/laravel/lumen-framework/src/Concerns/RoutesRequests.php(316): Laravel\\Lumen\\Application->callLumenController(Object(App\\Http\\Controllers\\HomeEtcController), 'onSelectHomeTit...', Array)
#28 /home/codesili/siteapi.codesilicon.com/vendor/laravel/lumen-framework/src/Concerns/RoutesRequests.php(278): Laravel\\Lumen\\Application->callControllerAction(Array)
#29 /home/codesili/siteapi.codesilicon.com/vendor/laravel/lumen-framework/src/Concerns/RoutesRequests.php(258): Laravel\\Lumen\\Application->callActionOnArrayBasedRoute(Array)
#30 [internal function]: Laravel\\Lumen\\Application->Laravel\\Lumen\\Concerns\\{closure}(Object(Laravel\\Lumen\\Http\\Request))
#31 /home/codesili/siteapi.codesilicon.com/vendor/laravel/lumen-framework/src/Routing/Pipeline.php(52): call_user_func(Object(Closure), Object(Laravel\\Lumen\\Http\\Request))
#32 /home/codesili/siteapi.codesilicon.com/app/Http/Middleware/Authenticate.php(39): Laravel\\Lumen\\Routing\\Pipeline->Laravel\\Lumen\\Routing\\{closure}(Object(Laravel\\Lumen\\Http\\Request))
#33 /home/codesili/siteapi.codesilicon.com/vendor/illuminate/pipeline/Pipeline.php(171): App\\Http\\Middleware\\Authenticate->handle(Object(Laravel\\Lumen\\Http\\Request), Object(Closure))
#34 [internal function]: Illuminate\\Pipeline\\Pipeline->Illuminate\\Pipeline\\{closure}(Object(Laravel\\Lumen\\Http\\Request))
#35 /home/codesili/siteapi.codesilicon.com/vendor/laravel/lumen-framework/src/Routing/Pipeline.php(32): call_user_func(Object(Closure), Object(Laravel\\Lumen\\Http\\Request))
#36 /home/codesili/siteapi.codesilicon.com/vendor/illuminate/pipeline/Pipeline.php(105): Laravel\\Lumen\\Routing\\Pipeline->Laravel\\Lumen\\Routing\\{closure}(Object(Laravel\\Lumen\\Http\\Request))
#37 /home/codesili/siteapi.codesilicon.com/vendor/laravel/lumen-framework/src/Concerns/RoutesRequests.php(413): Illuminate\\Pipeline\\Pipeline->then(Object(Closure))
#38 /home/codesili/siteapi.codesilicon.com/vendor/laravel/lumen-framework/src/Concerns/RoutesRequests.php(259): Laravel\\Lumen\\Application->sendThroughPipeline(Array, Object(Closure))
#39 /home/codesili/siteapi.codesilicon.com/vendor/laravel/lumen-framework/src/Concerns/RoutesRequests.php(165): Laravel\\Lumen\\Application->handleFoundRoute(Array)
#40 [internal function]: Laravel\\Lumen\\Application->Laravel\\Lumen\\Concerns\\{closure}(Object(Laravel\\Lumen\\Http\\Request))
#41 /home/codesili/siteapi.codesilicon.com/vendor/laravel/lumen-framework/src/Routing/Pipeline.php(52): call_user_func(Object(Closure), Object(Laravel\\Lumen\\Http\\Request))
#42 /home/codesili/siteapi.codesilicon.com/app/Http/Middleware/ExampleMiddleware.php(18): Laravel\\Lumen\\Routing\\Pipeline->Laravel\\Lumen\\Routing\\{closure}(Object(Laravel\\Lumen\\Http\\Request))
#43 /home/codesili/siteapi.codesilicon.com/vendor/illuminate/pipeline/Pipeline.php(171): App\\Http\\Middleware\\ExampleMiddleware->handle(Object(Laravel\\Lumen\\Http\\Request), Object(Closure))
#44 [internal function]: Illuminate\\Pipeline\\Pipeline->Illuminate\\Pipeline\\{closure}(Object(Laravel\\Lumen\\Http\\Request))
#45 /home/codesili/siteapi.codesilicon.com/vendor/laravel/lumen-framework/src/Routing/Pipeline.php(32): call_user_func(Object(Closure), Object(Laravel\\Lumen\\Http\\Request))
#46 /home/codesili/siteapi.codesilicon.com/vendor/illuminate/pipeline/Pipeline.php(105): Laravel\\Lumen\\Routing\\Pipeline->Laravel\\Lumen\\Routing\\{closure}(Object(Laravel\\Lumen\\Http\\Request))
#47 /home/codesili/siteapi.codesilicon.com/vendor/laravel/lumen-framework/src/Concerns/RoutesRequests.php(413): Illuminate\\Pipeline\\Pipeline->then(Object(Closure))
#48 /home/codesili/siteapi.codesilicon.com/vendor/laravel/lumen-framework/src/Concerns/RoutesRequests.php(171): Laravel\\Lumen\\Application->sendThroughPipeline(Array, Object(Closure))
#49 /home/codesili/siteapi.codesilicon.com/vendor/laravel/lumen-framework/src/Concerns/RoutesRequests.php(108): Laravel\\Lumen\\Application->dispatch(NULL)
#50 /home/codesili/siteapi.codesilicon.com/index.php(28): Laravel\\Lumen\\Application->run()
#51 {main}
"} 
